CRITICAL - 2024-12-22 02:17:03 --> ErrorException: Undefined variable $level
[Method: GET, Route: pengguna]
in APPPATH\Views\admin\pengguna.php on line 23.
 1 APPPATH\Views\admin\pengguna.php(23): CodeIgniter\Debug\Exceptions->errorHandler(2, 'Undefined variable $level', 'C:\\xampp\\htdocs\\coba_ci4\\app\\Views\\admin\\pengguna.php', 23)
 2 SYSTEMPATH\View\View.php(234): include('C:\\xampp\\htdocs\\coba_ci4\\app\\Views\\admin\\pengguna.php')
 3 SYSTEMPATH\View\View.php(237): CodeIgniter\View\View->CodeIgniter\View\{closure}()
 4 SYSTEMPATH\Common.php(1171): CodeIgniter\View\View->render('admin/pengguna', [], true)
 5 APPPATH\Controllers\Admin\Pengguna.php(27): view('admin/pengguna', [...])
 6 SYSTEMPATH\CodeIgniter.php(933): App\Controllers\Admin\Pengguna->index()
 7 SYSTEMPATH\CodeIgniter.php(509): CodeIgniter\CodeIgniter->runController(Object(App\Controllers\Admin\Pengguna))
 8 SYSTEMPATH\CodeIgniter.php(355): CodeIgniter\CodeIgniter->handleRequest(null, Object(Config\Cache), false)
 9 SYSTEMPATH\Boot.php(325): CodeIgniter\CodeIgniter->run()
10 SYSTEMPATH\Boot.php(67): CodeIgniter\Boot::runCodeIgniter(Object(CodeIgniter\CodeIgniter))
11 FCPATH\index.php(56): CodeIgniter\Boot::bootWeb(Object(Config\Paths))
12 SYSTEMPATH\rewrite.php(44): require_once('C:\\xampp\\htdocs\\coba_ci4\\public\\index.php')
CRITICAL - 2024-12-22 02:17:09 --> ErrorException: Undefined variable $level
[Method: GET, Route: pengguna]
in APPPATH\Views\admin\pengguna.php on line 23.
 1 APPPATH\Views\admin\pengguna.php(23): CodeIgniter\Debug\Exceptions->errorHandler(2, 'Undefined variable $level', 'C:\\xampp\\htdocs\\coba_ci4\\app\\Views\\admin\\pengguna.php', 23)
 2 SYSTEMPATH\View\View.php(234): include('C:\\xampp\\htdocs\\coba_ci4\\app\\Views\\admin\\pengguna.php')
 3 SYSTEMPATH\View\View.php(237): CodeIgniter\View\View->CodeIgniter\View\{closure}()
 4 SYSTEMPATH\Common.php(1171): CodeIgniter\View\View->render('admin/pengguna', [], true)
 5 APPPATH\Controllers\Admin\Pengguna.php(27): view('admin/pengguna', [...])
 6 SYSTEMPATH\CodeIgniter.php(933): App\Controllers\Admin\Pengguna->index()
 7 SYSTEMPATH\CodeIgniter.php(509): CodeIgniter\CodeIgniter->runController(Object(App\Controllers\Admin\Pengguna))
 8 SYSTEMPATH\CodeIgniter.php(355): CodeIgniter\CodeIgniter->handleRequest(null, Object(Config\Cache), false)
 9 SYSTEMPATH\Boot.php(325): CodeIgniter\CodeIgniter->run()
10 SYSTEMPATH\Boot.php(67): CodeIgniter\Boot::runCodeIgniter(Object(CodeIgniter\CodeIgniter))
11 FCPATH\index.php(56): CodeIgniter\Boot::bootWeb(Object(Config\Paths))
12 SYSTEMPATH\rewrite.php(44): require_once('C:\\xampp\\htdocs\\coba_ci4\\public\\index.php')
CRITICAL - 2024-12-22 02:17:33 --> ErrorException: Undefined variable $level
[Method: GET, Route: pengguna]
in APPPATH\Views\admin\pengguna.php on line 23.
 1 APPPATH\Views\admin\pengguna.php(23): CodeIgniter\Debug\Exceptions->errorHandler(2, 'Undefined variable $level', 'C:\\xampp\\htdocs\\coba_ci4\\app\\Views\\admin\\pengguna.php', 23)
 2 SYSTEMPATH\View\View.php(234): include('C:\\xampp\\htdocs\\coba_ci4\\app\\Views\\admin\\pengguna.php')
 3 SYSTEMPATH\View\View.php(237): CodeIgniter\View\View->CodeIgniter\View\{closure}()
 4 SYSTEMPATH\Common.php(1171): CodeIgniter\View\View->render('admin/pengguna', [], true)
 5 APPPATH\Controllers\Admin\Pengguna.php(27): view('admin/pengguna', [...])
 6 SYSTEMPATH\CodeIgniter.php(933): App\Controllers\Admin\Pengguna->index()
 7 SYSTEMPATH\CodeIgniter.php(509): CodeIgniter\CodeIgniter->runController(Object(App\Controllers\Admin\Pengguna))
 8 SYSTEMPATH\CodeIgniter.php(355): CodeIgniter\CodeIgniter->handleRequest(null, Object(Config\Cache), false)
 9 SYSTEMPATH\Boot.php(325): CodeIgniter\CodeIgniter->run()
10 SYSTEMPATH\Boot.php(67): CodeIgniter\Boot::runCodeIgniter(Object(CodeIgniter\CodeIgniter))
11 FCPATH\index.php(56): CodeIgniter\Boot::bootWeb(Object(Config\Paths))
12 SYSTEMPATH\rewrite.php(44): require_once('C:\\xampp\\htdocs\\coba_ci4\\public\\index.php')
CRITICAL - 2024-12-22 02:17:42 --> ErrorException: Undefined variable $level
[Method: GET, Route: pengguna]
in APPPATH\Views\admin\pengguna.php on line 23.
 1 APPPATH\Views\admin\pengguna.php(23): CodeIgniter\Debug\Exceptions->errorHandler(2, 'Undefined variable $level', 'C:\\xampp\\htdocs\\coba_ci4\\app\\Views\\admin\\pengguna.php', 23)
 2 SYSTEMPATH\View\View.php(234): include('C:\\xampp\\htdocs\\coba_ci4\\app\\Views\\admin\\pengguna.php')
 3 SYSTEMPATH\View\View.php(237): CodeIgniter\View\View->CodeIgniter\View\{closure}()
 4 SYSTEMPATH\Common.php(1171): CodeIgniter\View\View->render('admin/pengguna', [], true)
 5 APPPATH\Controllers\Admin\Pengguna.php(27): view('admin/pengguna', [...])
 6 SYSTEMPATH\CodeIgniter.php(933): App\Controllers\Admin\Pengguna->index()
 7 SYSTEMPATH\CodeIgniter.php(509): CodeIgniter\CodeIgniter->runController(Object(App\Controllers\Admin\Pengguna))
 8 SYSTEMPATH\CodeIgniter.php(355): CodeIgniter\CodeIgniter->handleRequest(null, Object(Config\Cache), false)
 9 SYSTEMPATH\Boot.php(325): CodeIgniter\CodeIgniter->run()
10 SYSTEMPATH\Boot.php(67): CodeIgniter\Boot::runCodeIgniter(Object(CodeIgniter\CodeIgniter))
11 FCPATH\index.php(56): CodeIgniter\Boot::bootWeb(Object(Config\Paths))
12 SYSTEMPATH\rewrite.php(44): require_once('C:\\xampp\\htdocs\\coba_ci4\\public\\index.php')
CRITICAL - 2024-12-22 02:18:17 --> ErrorException: Undefined variable $level
[Method: GET, Route: pengguna]
in APPPATH\Views\admin\pengguna.php on line 23.
 1 APPPATH\Views\admin\pengguna.php(23): CodeIgniter\Debug\Exceptions->errorHandler(2, 'Undefined variable $level', 'C:\\xampp\\htdocs\\coba_ci4\\app\\Views\\admin\\pengguna.php', 23)
 2 SYSTEMPATH\View\View.php(234): include('C:\\xampp\\htdocs\\coba_ci4\\app\\Views\\admin\\pengguna.php')
 3 SYSTEMPATH\View\View.php(237): CodeIgniter\View\View->CodeIgniter\View\{closure}()
 4 SYSTEMPATH\Common.php(1171): CodeIgniter\View\View->render('admin/pengguna', [], true)
 5 APPPATH\Controllers\Admin\Pengguna.php(27): view('admin/pengguna', [...])
 6 SYSTEMPATH\CodeIgniter.php(933): App\Controllers\Admin\Pengguna->index()
 7 SYSTEMPATH\CodeIgniter.php(509): CodeIgniter\CodeIgniter->runController(Object(App\Controllers\Admin\Pengguna))
 8 SYSTEMPATH\CodeIgniter.php(355): CodeIgniter\CodeIgniter->handleRequest(null, Object(Config\Cache), false)
 9 SYSTEMPATH\Boot.php(325): CodeIgniter\CodeIgniter->run()
10 SYSTEMPATH\Boot.php(67): CodeIgniter\Boot::runCodeIgniter(Object(CodeIgniter\CodeIgniter))
11 FCPATH\index.php(56): CodeIgniter\Boot::bootWeb(Object(Config\Paths))
12 SYSTEMPATH\rewrite.php(44): require_once('C:\\xampp\\htdocs\\coba_ci4\\public\\index.php')
CRITICAL - 2024-12-22 02:18:25 --> ErrorException: Undefined variable $level
[Method: GET, Route: pengguna]
in APPPATH\Views\admin\pengguna.php on line 23.
 1 APPPATH\Views\admin\pengguna.php(23): CodeIgniter\Debug\Exceptions->errorHandler(2, 'Undefined variable $level', 'C:\\xampp\\htdocs\\coba_ci4\\app\\Views\\admin\\pengguna.php', 23)
 2 SYSTEMPATH\View\View.php(234): include('C:\\xampp\\htdocs\\coba_ci4\\app\\Views\\admin\\pengguna.php')
 3 SYSTEMPATH\View\View.php(237): CodeIgniter\View\View->CodeIgniter\View\{closure}()
 4 SYSTEMPATH\Common.php(1171): CodeIgniter\View\View->render('admin/pengguna', [], true)
 5 APPPATH\Controllers\Admin\Pengguna.php(27): view('admin/pengguna', [...])
 6 SYSTEMPATH\CodeIgniter.php(933): App\Controllers\Admin\Pengguna->index()
 7 SYSTEMPATH\CodeIgniter.php(509): CodeIgniter\CodeIgniter->runController(Object(App\Controllers\Admin\Pengguna))
 8 SYSTEMPATH\CodeIgniter.php(355): CodeIgniter\CodeIgniter->handleRequest(null, Object(Config\Cache), false)
 9 SYSTEMPATH\Boot.php(325): CodeIgniter\CodeIgniter->run()
10 SYSTEMPATH\Boot.php(67): CodeIgniter\Boot::runCodeIgniter(Object(CodeIgniter\CodeIgniter))
11 FCPATH\index.php(56): CodeIgniter\Boot::bootWeb(Object(Config\Paths))
12 SYSTEMPATH\rewrite.php(44): require_once('C:\\xampp\\htdocs\\coba_ci4\\public\\index.php')
CRITICAL - 2024-12-22 02:23:53 --> ErrorException: Undefined variable $level
[Method: GET, Route: pengguna]
in APPPATH\Views\admin\pengguna.php on line 23.
 1 APPPATH\Views\admin\pengguna.php(23): CodeIgniter\Debug\Exceptions->errorHandler(2, 'Undefined variable $level', 'C:\\xampp\\htdocs\\coba_ci4\\app\\Views\\admin\\pengguna.php', 23)
 2 SYSTEMPATH\View\View.php(234): include('C:\\xampp\\htdocs\\coba_ci4\\app\\Views\\admin\\pengguna.php')
 3 SYSTEMPATH\View\View.php(237): CodeIgniter\View\View->CodeIgniter\View\{closure}()
 4 SYSTEMPATH\Common.php(1171): CodeIgniter\View\View->render('admin/pengguna', [], true)
 5 APPPATH\Controllers\Admin\Pengguna.php(27): view('admin/pengguna', [...])
 6 SYSTEMPATH\CodeIgniter.php(933): App\Controllers\Admin\Pengguna->index()
 7 SYSTEMPATH\CodeIgniter.php(509): CodeIgniter\CodeIgniter->runController(Object(App\Controllers\Admin\Pengguna))
 8 SYSTEMPATH\CodeIgniter.php(355): CodeIgniter\CodeIgniter->handleRequest(null, Object(Config\Cache), false)
 9 SYSTEMPATH\Boot.php(325): CodeIgniter\CodeIgniter->run()
10 SYSTEMPATH\Boot.php(67): CodeIgniter\Boot::runCodeIgniter(Object(CodeIgniter\CodeIgniter))
11 FCPATH\index.php(56): CodeIgniter\Boot::bootWeb(Object(Config\Paths))
12 SYSTEMPATH\rewrite.php(44): require_once('C:\\xampp\\htdocs\\coba_ci4\\public\\index.php')
