CRITICAL - 2024-12-14 08:16:48 --> CodeIgniter\View\Exceptions\ViewException: Invalid file: "admin/dashboardadmin.php"
[Method: GET, Route: /]
in SYSTEMPATH\Exceptions\FrameworkException.php on line 41.
 1 SYSTEMPATH\View\View.php(222): CodeIgniter\Exceptions\FrameworkException::forInvalidFile('admin/dashboardadmin.php')
 2 SYSTEMPATH\Common.php(1171): CodeIgniter\View\View->render('admin/dashboardadmin', [], true)
 3 APPPATH\Controllers\Home.php(9): view('admin/dashboardadmin')
 4 SYSTEMPATH\CodeIgniter.php(933): App\Controllers\Home->index()
 5 SYSTEMPATH\CodeIgniter.php(509): CodeIgniter\CodeIgniter->runController(Object(App\Controllers\Home))
 6 SYSTEMPATH\CodeIgniter.php(355): CodeIgniter\CodeIgniter->handleRequest(null, Object(Config\Cache), false)
 7 SYSTEMPATH\Boot.php(325): CodeIgniter\CodeIgniter->run()
 8 SYSTEMPATH\Boot.php(67): CodeIgniter\Boot::runCodeIgniter(Object(CodeIgniter\CodeIgniter))
 9 FCPATH\index.php(56): CodeIgniter\Boot::bootWeb(Object(Config\Paths))
CRITICAL - 2024-12-14 08:16:50 --> CodeIgniter\View\Exceptions\ViewException: Invalid file: "admin/dashboardadmin.php"
[Method: GET, Route: /]
in SYSTEMPATH\Exceptions\FrameworkException.php on line 41.
 1 SYSTEMPATH\View\View.php(222): CodeIgniter\Exceptions\FrameworkException::forInvalidFile('admin/dashboardadmin.php')
 2 SYSTEMPATH\Common.php(1171): CodeIgniter\View\View->render('admin/dashboardadmin', [], true)
 3 APPPATH\Controllers\Home.php(9): view('admin/dashboardadmin')
 4 SYSTEMPATH\CodeIgniter.php(933): App\Controllers\Home->index()
 5 SYSTEMPATH\CodeIgniter.php(509): CodeIgniter\CodeIgniter->runController(Object(App\Controllers\Home))
 6 SYSTEMPATH\CodeIgniter.php(355): CodeIgniter\CodeIgniter->handleRequest(null, Object(Config\Cache), false)
 7 SYSTEMPATH\Boot.php(325): CodeIgniter\CodeIgniter->run()
 8 SYSTEMPATH\Boot.php(67): CodeIgniter\Boot::runCodeIgniter(Object(CodeIgniter\CodeIgniter))
 9 FCPATH\index.php(56): CodeIgniter\Boot::bootWeb(Object(Config\Paths))
CRITICAL - 2024-12-14 08:17:21 --> CodeIgniter\View\Exceptions\ViewException: Invalid file: "admin/dashboardadmin.php"
[Method: GET, Route: /]
in SYSTEMPATH\Exceptions\FrameworkException.php on line 41.
 1 SYSTEMPATH\View\View.php(222): CodeIgniter\Exceptions\FrameworkException::forInvalidFile('admin/dashboardadmin.php')
 2 SYSTEMPATH\Common.php(1171): CodeIgniter\View\View->render('admin/dashboardadmin', [], true)
 3 APPPATH\Controllers\Home.php(9): view('admin/dashboardadmin')
 4 SYSTEMPATH\CodeIgniter.php(933): App\Controllers\Home->index()
 5 SYSTEMPATH\CodeIgniter.php(509): CodeIgniter\CodeIgniter->runController(Object(App\Controllers\Home))
 6 SYSTEMPATH\CodeIgniter.php(355): CodeIgniter\CodeIgniter->handleRequest(null, Object(Config\Cache), false)
 7 SYSTEMPATH\Boot.php(325): CodeIgniter\CodeIgniter->run()
 8 SYSTEMPATH\Boot.php(67): CodeIgniter\Boot::runCodeIgniter(Object(CodeIgniter\CodeIgniter))
 9 FCPATH\index.php(56): CodeIgniter\Boot::bootWeb(Object(Config\Paths))
10 SYSTEMPATH\rewrite.php(44): require_once('C:\\laragon\\www\\coba_ci4\\public\\index.php')
CRITICAL - 2024-12-14 08:20:33 --> CodeIgniter\View\Exceptions\ViewException: Invalid file: "admin/fdata_pelanggan.php"
[Method: GET, Route: /]
in SYSTEMPATH\Exceptions\FrameworkException.php on line 41.
 1 SYSTEMPATH\View\View.php(222): CodeIgniter\Exceptions\FrameworkException::forInvalidFile('admin/fdata_pelanggan.php')
 2 SYSTEMPATH\Common.php(1171): CodeIgniter\View\View->render('admin/fdata_pelanggan', [], true)
 3 APPPATH\Controllers\Home.php(9): view('admin/fdata_pelanggan')
 4 SYSTEMPATH\CodeIgniter.php(933): App\Controllers\Home->index()
 5 SYSTEMPATH\CodeIgniter.php(509): CodeIgniter\CodeIgniter->runController(Object(App\Controllers\Home))
 6 SYSTEMPATH\CodeIgniter.php(355): CodeIgniter\CodeIgniter->handleRequest(null, Object(Config\Cache), false)
 7 SYSTEMPATH\Boot.php(325): CodeIgniter\CodeIgniter->run()
 8 SYSTEMPATH\Boot.php(67): CodeIgniter\Boot::runCodeIgniter(Object(CodeIgniter\CodeIgniter))
 9 FCPATH\index.php(56): CodeIgniter\Boot::bootWeb(Object(Config\Paths))
10 SYSTEMPATH\rewrite.php(44): require_once('C:\\laragon\\www\\coba_ci4\\public\\index.php')
CRITICAL - 2024-12-14 08:20:34 --> CodeIgniter\View\Exceptions\ViewException: Invalid file: "admin/fdata_pelanggan.php"
[Method: GET, Route: /]
in SYSTEMPATH\Exceptions\FrameworkException.php on line 41.
 1 SYSTEMPATH\View\View.php(222): CodeIgniter\Exceptions\FrameworkException::forInvalidFile('admin/fdata_pelanggan.php')
 2 SYSTEMPATH\Common.php(1171): CodeIgniter\View\View->render('admin/fdata_pelanggan', [], true)
 3 APPPATH\Controllers\Home.php(9): view('admin/fdata_pelanggan')
 4 SYSTEMPATH\CodeIgniter.php(933): App\Controllers\Home->index()
 5 SYSTEMPATH\CodeIgniter.php(509): CodeIgniter\CodeIgniter->runController(Object(App\Controllers\Home))
 6 SYSTEMPATH\CodeIgniter.php(355): CodeIgniter\CodeIgniter->handleRequest(null, Object(Config\Cache), false)
 7 SYSTEMPATH\Boot.php(325): CodeIgniter\CodeIgniter->run()
 8 SYSTEMPATH\Boot.php(67): CodeIgniter\Boot::runCodeIgniter(Object(CodeIgniter\CodeIgniter))
 9 FCPATH\index.php(56): CodeIgniter\Boot::bootWeb(Object(Config\Paths))
10 SYSTEMPATH\rewrite.php(44): require_once('C:\\laragon\\www\\coba_ci4\\public\\index.php')
CRITICAL - 2024-12-14 08:49:04 --> CodeIgniter\View\Exceptions\ViewException: Invalid file: "layouts/main.php"
[Method: GET, Route: /]
in SYSTEMPATH\Exceptions\FrameworkException.php on line 41.
 1 SYSTEMPATH\View\View.php(222): CodeIgniter\Exceptions\FrameworkException::forInvalidFile('layouts/main.php')
 2 SYSTEMPATH\View\View.php(250): CodeIgniter\View\View->render('layouts/main', [], true)
 3 SYSTEMPATH\Common.php(1171): CodeIgniter\View\View->render('admin/dashboard_admin', [], true)
 4 APPPATH\Controllers\Home.php(9): view('admin/dashboard_admin')
 5 SYSTEMPATH\CodeIgniter.php(933): App\Controllers\Home->index()
 6 SYSTEMPATH\CodeIgniter.php(509): CodeIgniter\CodeIgniter->runController(Object(App\Controllers\Home))
 7 SYSTEMPATH\CodeIgniter.php(355): CodeIgniter\CodeIgniter->handleRequest(null, Object(Config\Cache), false)
 8 SYSTEMPATH\Boot.php(325): CodeIgniter\CodeIgniter->run()
 9 SYSTEMPATH\Boot.php(67): CodeIgniter\Boot::runCodeIgniter(Object(CodeIgniter\CodeIgniter))
10 FCPATH\index.php(56): CodeIgniter\Boot::bootWeb(Object(Config\Paths))
11 SYSTEMPATH\rewrite.php(44): require_once('C:\\laragon\\www\\coba_ci4\\public\\index.php')
CRITICAL - 2024-12-14 08:49:05 --> CodeIgniter\View\Exceptions\ViewException: Invalid file: "layouts/main.php"
[Method: GET, Route: /]
in SYSTEMPATH\Exceptions\FrameworkException.php on line 41.
 1 SYSTEMPATH\View\View.php(222): CodeIgniter\Exceptions\FrameworkException::forInvalidFile('layouts/main.php')
 2 SYSTEMPATH\View\View.php(250): CodeIgniter\View\View->render('layouts/main', [], true)
 3 SYSTEMPATH\Common.php(1171): CodeIgniter\View\View->render('admin/dashboard_admin', [], true)
 4 APPPATH\Controllers\Home.php(9): view('admin/dashboard_admin')
 5 SYSTEMPATH\CodeIgniter.php(933): App\Controllers\Home->index()
 6 SYSTEMPATH\CodeIgniter.php(509): CodeIgniter\CodeIgniter->runController(Object(App\Controllers\Home))
 7 SYSTEMPATH\CodeIgniter.php(355): CodeIgniter\CodeIgniter->handleRequest(null, Object(Config\Cache), false)
 8 SYSTEMPATH\Boot.php(325): CodeIgniter\CodeIgniter->run()
 9 SYSTEMPATH\Boot.php(67): CodeIgniter\Boot::runCodeIgniter(Object(CodeIgniter\CodeIgniter))
10 FCPATH\index.php(56): CodeIgniter\Boot::bootWeb(Object(Config\Paths))
11 SYSTEMPATH\rewrite.php(44): require_once('C:\\laragon\\www\\coba_ci4\\public\\index.php')
CRITICAL - 2024-12-14 08:49:37 --> CodeIgniter\View\Exceptions\ViewException: Invalid file: "layouts/main.php"
[Method: GET, Route: /]
in SYSTEMPATH\Exceptions\FrameworkException.php on line 41.
 1 SYSTEMPATH\View\View.php(222): CodeIgniter\Exceptions\FrameworkException::forInvalidFile('layouts/main.php')
 2 SYSTEMPATH\View\View.php(250): CodeIgniter\View\View->render('layouts/main', [], true)
 3 SYSTEMPATH\Common.php(1171): CodeIgniter\View\View->render('admin/dashboard_admin', [], true)
 4 APPPATH\Controllers\Home.php(9): view('admin/dashboard_admin')
 5 SYSTEMPATH\CodeIgniter.php(933): App\Controllers\Home->index()
 6 SYSTEMPATH\CodeIgniter.php(509): CodeIgniter\CodeIgniter->runController(Object(App\Controllers\Home))
 7 SYSTEMPATH\CodeIgniter.php(355): CodeIgniter\CodeIgniter->handleRequest(null, Object(Config\Cache), false)
 8 SYSTEMPATH\Boot.php(325): CodeIgniter\CodeIgniter->run()
 9 SYSTEMPATH\Boot.php(67): CodeIgniter\Boot::runCodeIgniter(Object(CodeIgniter\CodeIgniter))
10 FCPATH\index.php(56): CodeIgniter\Boot::bootWeb(Object(Config\Paths))
11 SYSTEMPATH\rewrite.php(44): require_once('C:\\laragon\\www\\coba_ci4\\public\\index.php')
CRITICAL - 2024-12-14 08:49:53 --> CodeIgniter\View\Exceptions\ViewException: Invalid file: "navadmin.php"
[Method: GET, Route: /]
in SYSTEMPATH\Exceptions\FrameworkException.php on line 41.
 1 SYSTEMPATH\View\View.php(222): CodeIgniter\Exceptions\FrameworkException::forInvalidFile('navadmin.php')
 2 SYSTEMPATH\View\View.php(487): CodeIgniter\View\View->render('navadmin', null, true)
 3 APPPATH\Views\layout\main.php(30): CodeIgniter\View\View->include('navadmin')
 4 SYSTEMPATH\View\View.php(234): include('C:\\laragon\\www\\coba_ci4\\app\\Views\\layout\\main.php')
 5 SYSTEMPATH\View\View.php(237): CodeIgniter\View\View->CodeIgniter\View\{closure}()
 6 SYSTEMPATH\View\View.php(250): CodeIgniter\View\View->render('layout/main', [], true)
 7 SYSTEMPATH\Common.php(1171): CodeIgniter\View\View->render('admin/dashboard_admin', [], true)
 8 APPPATH\Controllers\Home.php(9): view('admin/dashboard_admin')
 9 SYSTEMPATH\CodeIgniter.php(933): App\Controllers\Home->index()
10 SYSTEMPATH\CodeIgniter.php(509): CodeIgniter\CodeIgniter->runController(Object(App\Controllers\Home))
11 SYSTEMPATH\CodeIgniter.php(355): CodeIgniter\CodeIgniter->handleRequest(null, Object(Config\Cache), false)
12 SYSTEMPATH\Boot.php(325): CodeIgniter\CodeIgniter->run()
13 SYSTEMPATH\Boot.php(67): CodeIgniter\Boot::runCodeIgniter(Object(CodeIgniter\CodeIgniter))
14 FCPATH\index.php(56): CodeIgniter\Boot::bootWeb(Object(Config\Paths))
15 SYSTEMPATH\rewrite.php(44): require_once('C:\\laragon\\www\\coba_ci4\\public\\index.php')
CRITICAL - 2024-12-14 08:49:54 --> CodeIgniter\View\Exceptions\ViewException: Invalid file: "navadmin.php"
[Method: GET, Route: /]
in SYSTEMPATH\Exceptions\FrameworkException.php on line 41.
 1 SYSTEMPATH\View\View.php(222): CodeIgniter\Exceptions\FrameworkException::forInvalidFile('navadmin.php')
 2 SYSTEMPATH\View\View.php(487): CodeIgniter\View\View->render('navadmin', null, true)
 3 APPPATH\Views\layout\main.php(30): CodeIgniter\View\View->include('navadmin')
 4 SYSTEMPATH\View\View.php(234): include('C:\\laragon\\www\\coba_ci4\\app\\Views\\layout\\main.php')
 5 SYSTEMPATH\View\View.php(237): CodeIgniter\View\View->CodeIgniter\View\{closure}()
 6 SYSTEMPATH\View\View.php(250): CodeIgniter\View\View->render('layout/main', [], true)
 7 SYSTEMPATH\Common.php(1171): CodeIgniter\View\View->render('admin/dashboard_admin', [], true)
 8 APPPATH\Controllers\Home.php(9): view('admin/dashboard_admin')
 9 SYSTEMPATH\CodeIgniter.php(933): App\Controllers\Home->index()
10 SYSTEMPATH\CodeIgniter.php(509): CodeIgniter\CodeIgniter->runController(Object(App\Controllers\Home))
11 SYSTEMPATH\CodeIgniter.php(355): CodeIgniter\CodeIgniter->handleRequest(null, Object(Config\Cache), false)
12 SYSTEMPATH\Boot.php(325): CodeIgniter\CodeIgniter->run()
13 SYSTEMPATH\Boot.php(67): CodeIgniter\Boot::runCodeIgniter(Object(CodeIgniter\CodeIgniter))
14 FCPATH\index.php(56): CodeIgniter\Boot::bootWeb(Object(Config\Paths))
15 SYSTEMPATH\rewrite.php(44): require_once('C:\\laragon\\www\\coba_ci4\\public\\index.php')
CRITICAL - 2024-12-14 08:49:54 --> CodeIgniter\View\Exceptions\ViewException: Invalid file: "navadmin.php"
[Method: GET, Route: /]
in SYSTEMPATH\Exceptions\FrameworkException.php on line 41.
 1 SYSTEMPATH\View\View.php(222): CodeIgniter\Exceptions\FrameworkException::forInvalidFile('navadmin.php')
 2 SYSTEMPATH\View\View.php(487): CodeIgniter\View\View->render('navadmin', null, true)
 3 APPPATH\Views\layout\main.php(30): CodeIgniter\View\View->include('navadmin')
 4 SYSTEMPATH\View\View.php(234): include('C:\\laragon\\www\\coba_ci4\\app\\Views\\layout\\main.php')
 5 SYSTEMPATH\View\View.php(237): CodeIgniter\View\View->CodeIgniter\View\{closure}()
 6 SYSTEMPATH\View\View.php(250): CodeIgniter\View\View->render('layout/main', [], true)
 7 SYSTEMPATH\Common.php(1171): CodeIgniter\View\View->render('admin/dashboard_admin', [], true)
 8 APPPATH\Controllers\Home.php(9): view('admin/dashboard_admin')
 9 SYSTEMPATH\CodeIgniter.php(933): App\Controllers\Home->index()
10 SYSTEMPATH\CodeIgniter.php(509): CodeIgniter\CodeIgniter->runController(Object(App\Controllers\Home))
11 SYSTEMPATH\CodeIgniter.php(355): CodeIgniter\CodeIgniter->handleRequest(null, Object(Config\Cache), false)
12 SYSTEMPATH\Boot.php(325): CodeIgniter\CodeIgniter->run()
13 SYSTEMPATH\Boot.php(67): CodeIgniter\Boot::runCodeIgniter(Object(CodeIgniter\CodeIgniter))
14 FCPATH\index.php(56): CodeIgniter\Boot::bootWeb(Object(Config\Paths))
15 SYSTEMPATH\rewrite.php(44): require_once('C:\\laragon\\www\\coba_ci4\\public\\index.php')
CRITICAL - 2024-12-14 08:50:53 --> CodeIgniter\View\Exceptions\ViewException: Invalid file: "navadmin.php"
[Method: GET, Route: /]
in SYSTEMPATH\Exceptions\FrameworkException.php on line 41.
 1 SYSTEMPATH\View\View.php(222): CodeIgniter\Exceptions\FrameworkException::forInvalidFile('navadmin.php')
 2 SYSTEMPATH\View\View.php(487): CodeIgniter\View\View->render('navadmin', null, true)
 3 APPPATH\Views\layout\main.php(30): CodeIgniter\View\View->include('navadmin')
 4 SYSTEMPATH\View\View.php(234): include('C:\\laragon\\www\\coba_ci4\\app\\Views\\layout\\main.php')
 5 SYSTEMPATH\View\View.php(237): CodeIgniter\View\View->CodeIgniter\View\{closure}()
 6 SYSTEMPATH\View\View.php(250): CodeIgniter\View\View->render('layout/main', [], true)
 7 SYSTEMPATH\Common.php(1171): CodeIgniter\View\View->render('admin/dashboard_admin', [], true)
 8 APPPATH\Controllers\Home.php(9): view('admin/dashboard_admin')
 9 SYSTEMPATH\CodeIgniter.php(933): App\Controllers\Home->index()
10 SYSTEMPATH\CodeIgniter.php(509): CodeIgniter\CodeIgniter->runController(Object(App\Controllers\Home))
11 SYSTEMPATH\CodeIgniter.php(355): CodeIgniter\CodeIgniter->handleRequest(null, Object(Config\Cache), false)
12 SYSTEMPATH\Boot.php(325): CodeIgniter\CodeIgniter->run()
13 SYSTEMPATH\Boot.php(67): CodeIgniter\Boot::runCodeIgniter(Object(CodeIgniter\CodeIgniter))
14 FCPATH\index.php(56): CodeIgniter\Boot::bootWeb(Object(Config\Paths))
15 SYSTEMPATH\rewrite.php(44): require_once('C:\\laragon\\www\\coba_ci4\\public\\index.php')
CRITICAL - 2024-12-14 08:55:15 --> CodeIgniter\View\Exceptions\ViewException: Invalid file: "navadmin.php"
[Method: GET, Route: /]
in SYSTEMPATH\Exceptions\FrameworkException.php on line 41.
 1 SYSTEMPATH\View\View.php(222): CodeIgniter\Exceptions\FrameworkException::forInvalidFile('navadmin.php')
 2 SYSTEMPATH\View\View.php(487): CodeIgniter\View\View->render('navadmin', null, true)
 3 APPPATH\Views\layout\main.php(30): CodeIgniter\View\View->include('navadmin')
 4 SYSTEMPATH\View\View.php(234): include('C:\\laragon\\www\\coba_ci4\\app\\Views\\layout\\main.php')
 5 SYSTEMPATH\View\View.php(237): CodeIgniter\View\View->CodeIgniter\View\{closure}()
 6 SYSTEMPATH\View\View.php(250): CodeIgniter\View\View->render('layout/main', [], true)
 7 SYSTEMPATH\Common.php(1171): CodeIgniter\View\View->render('admin/dashboard_admin', [], true)
 8 APPPATH\Controllers\Home.php(9): view('admin/dashboard_admin')
 9 SYSTEMPATH\CodeIgniter.php(933): App\Controllers\Home->index()
10 SYSTEMPATH\CodeIgniter.php(509): CodeIgniter\CodeIgniter->runController(Object(App\Controllers\Home))
11 SYSTEMPATH\CodeIgniter.php(355): CodeIgniter\CodeIgniter->handleRequest(null, Object(Config\Cache), false)
12 SYSTEMPATH\Boot.php(325): CodeIgniter\CodeIgniter->run()
13 SYSTEMPATH\Boot.php(67): CodeIgniter\Boot::runCodeIgniter(Object(CodeIgniter\CodeIgniter))
14 FCPATH\index.php(56): CodeIgniter\Boot::bootWeb(Object(Config\Paths))
15 SYSTEMPATH\rewrite.php(44): require_once('C:\\laragon\\www\\coba_ci4\\public\\index.php')
CRITICAL - 2024-12-14 08:55:16 --> CodeIgniter\View\Exceptions\ViewException: Invalid file: "navadmin.php"
[Method: GET, Route: /]
in SYSTEMPATH\Exceptions\FrameworkException.php on line 41.
 1 SYSTEMPATH\View\View.php(222): CodeIgniter\Exceptions\FrameworkException::forInvalidFile('navadmin.php')
 2 SYSTEMPATH\View\View.php(487): CodeIgniter\View\View->render('navadmin', null, true)
 3 APPPATH\Views\layout\main.php(30): CodeIgniter\View\View->include('navadmin')
 4 SYSTEMPATH\View\View.php(234): include('C:\\laragon\\www\\coba_ci4\\app\\Views\\layout\\main.php')
 5 SYSTEMPATH\View\View.php(237): CodeIgniter\View\View->CodeIgniter\View\{closure}()
 6 SYSTEMPATH\View\View.php(250): CodeIgniter\View\View->render('layout/main', [], true)
 7 SYSTEMPATH\Common.php(1171): CodeIgniter\View\View->render('admin/dashboard_admin', [], true)
 8 APPPATH\Controllers\Home.php(9): view('admin/dashboard_admin')
 9 SYSTEMPATH\CodeIgniter.php(933): App\Controllers\Home->index()
10 SYSTEMPATH\CodeIgniter.php(509): CodeIgniter\CodeIgniter->runController(Object(App\Controllers\Home))
11 SYSTEMPATH\CodeIgniter.php(355): CodeIgniter\CodeIgniter->handleRequest(null, Object(Config\Cache), false)
12 SYSTEMPATH\Boot.php(325): CodeIgniter\CodeIgniter->run()
13 SYSTEMPATH\Boot.php(67): CodeIgniter\Boot::runCodeIgniter(Object(CodeIgniter\CodeIgniter))
14 FCPATH\index.php(56): CodeIgniter\Boot::bootWeb(Object(Config\Paths))
15 SYSTEMPATH\rewrite.php(44): require_once('C:\\laragon\\www\\coba_ci4\\public\\index.php')
CRITICAL - 2024-12-14 08:55:16 --> CodeIgniter\View\Exceptions\ViewException: Invalid file: "navadmin.php"
[Method: GET, Route: /]
in SYSTEMPATH\Exceptions\FrameworkException.php on line 41.
 1 SYSTEMPATH\View\View.php(222): CodeIgniter\Exceptions\FrameworkException::forInvalidFile('navadmin.php')
 2 SYSTEMPATH\View\View.php(487): CodeIgniter\View\View->render('navadmin', null, true)
 3 APPPATH\Views\layout\main.php(30): CodeIgniter\View\View->include('navadmin')
 4 SYSTEMPATH\View\View.php(234): include('C:\\laragon\\www\\coba_ci4\\app\\Views\\layout\\main.php')
 5 SYSTEMPATH\View\View.php(237): CodeIgniter\View\View->CodeIgniter\View\{closure}()
 6 SYSTEMPATH\View\View.php(250): CodeIgniter\View\View->render('layout/main', [], true)
 7 SYSTEMPATH\Common.php(1171): CodeIgniter\View\View->render('admin/dashboard_admin', [], true)
 8 APPPATH\Controllers\Home.php(9): view('admin/dashboard_admin')
 9 SYSTEMPATH\CodeIgniter.php(933): App\Controllers\Home->index()
10 SYSTEMPATH\CodeIgniter.php(509): CodeIgniter\CodeIgniter->runController(Object(App\Controllers\Home))
11 SYSTEMPATH\CodeIgniter.php(355): CodeIgniter\CodeIgniter->handleRequest(null, Object(Config\Cache), false)
12 SYSTEMPATH\Boot.php(325): CodeIgniter\CodeIgniter->run()
13 SYSTEMPATH\Boot.php(67): CodeIgniter\Boot::runCodeIgniter(Object(CodeIgniter\CodeIgniter))
14 FCPATH\index.php(56): CodeIgniter\Boot::bootWeb(Object(Config\Paths))
15 SYSTEMPATH\rewrite.php(44): require_once('C:\\laragon\\www\\coba_ci4\\public\\index.php')
CRITICAL - 2024-12-14 08:55:16 --> CodeIgniter\View\Exceptions\ViewException: Invalid file: "navadmin.php"
[Method: GET, Route: /]
in SYSTEMPATH\Exceptions\FrameworkException.php on line 41.
 1 SYSTEMPATH\View\View.php(222): CodeIgniter\Exceptions\FrameworkException::forInvalidFile('navadmin.php')
 2 SYSTEMPATH\View\View.php(487): CodeIgniter\View\View->render('navadmin', null, true)
 3 APPPATH\Views\layout\main.php(30): CodeIgniter\View\View->include('navadmin')
 4 SYSTEMPATH\View\View.php(234): include('C:\\laragon\\www\\coba_ci4\\app\\Views\\layout\\main.php')
 5 SYSTEMPATH\View\View.php(237): CodeIgniter\View\View->CodeIgniter\View\{closure}()
 6 SYSTEMPATH\View\View.php(250): CodeIgniter\View\View->render('layout/main', [], true)
 7 SYSTEMPATH\Common.php(1171): CodeIgniter\View\View->render('admin/dashboard_admin', [], true)
 8 APPPATH\Controllers\Home.php(9): view('admin/dashboard_admin')
 9 SYSTEMPATH\CodeIgniter.php(933): App\Controllers\Home->index()
10 SYSTEMPATH\CodeIgniter.php(509): CodeIgniter\CodeIgniter->runController(Object(App\Controllers\Home))
11 SYSTEMPATH\CodeIgniter.php(355): CodeIgniter\CodeIgniter->handleRequest(null, Object(Config\Cache), false)
12 SYSTEMPATH\Boot.php(325): CodeIgniter\CodeIgniter->run()
13 SYSTEMPATH\Boot.php(67): CodeIgniter\Boot::runCodeIgniter(Object(CodeIgniter\CodeIgniter))
14 FCPATH\index.php(56): CodeIgniter\Boot::bootWeb(Object(Config\Paths))
15 SYSTEMPATH\rewrite.php(44): require_once('C:\\laragon\\www\\coba_ci4\\public\\index.php')
CRITICAL - 2024-12-14 08:55:17 --> CodeIgniter\View\Exceptions\ViewException: Invalid file: "navadmin.php"
[Method: GET, Route: /]
in SYSTEMPATH\Exceptions\FrameworkException.php on line 41.
 1 SYSTEMPATH\View\View.php(222): CodeIgniter\Exceptions\FrameworkException::forInvalidFile('navadmin.php')
 2 SYSTEMPATH\View\View.php(487): CodeIgniter\View\View->render('navadmin', null, true)
 3 APPPATH\Views\layout\main.php(30): CodeIgniter\View\View->include('navadmin')
 4 SYSTEMPATH\View\View.php(234): include('C:\\laragon\\www\\coba_ci4\\app\\Views\\layout\\main.php')
 5 SYSTEMPATH\View\View.php(237): CodeIgniter\View\View->CodeIgniter\View\{closure}()
 6 SYSTEMPATH\View\View.php(250): CodeIgniter\View\View->render('layout/main', [], true)
 7 SYSTEMPATH\Common.php(1171): CodeIgniter\View\View->render('admin/dashboard_admin', [], true)
 8 APPPATH\Controllers\Home.php(9): view('admin/dashboard_admin')
 9 SYSTEMPATH\CodeIgniter.php(933): App\Controllers\Home->index()
10 SYSTEMPATH\CodeIgniter.php(509): CodeIgniter\CodeIgniter->runController(Object(App\Controllers\Home))
11 SYSTEMPATH\CodeIgniter.php(355): CodeIgniter\CodeIgniter->handleRequest(null, Object(Config\Cache), false)
12 SYSTEMPATH\Boot.php(325): CodeIgniter\CodeIgniter->run()
13 SYSTEMPATH\Boot.php(67): CodeIgniter\Boot::runCodeIgniter(Object(CodeIgniter\CodeIgniter))
14 FCPATH\index.php(56): CodeIgniter\Boot::bootWeb(Object(Config\Paths))
15 SYSTEMPATH\rewrite.php(44): require_once('C:\\laragon\\www\\coba_ci4\\public\\index.php')
CRITICAL - 2024-12-14 08:55:17 --> CodeIgniter\View\Exceptions\ViewException: Invalid file: "navadmin.php"
[Method: GET, Route: /]
in SYSTEMPATH\Exceptions\FrameworkException.php on line 41.
 1 SYSTEMPATH\View\View.php(222): CodeIgniter\Exceptions\FrameworkException::forInvalidFile('navadmin.php')
 2 SYSTEMPATH\View\View.php(487): CodeIgniter\View\View->render('navadmin', null, true)
 3 APPPATH\Views\layout\main.php(30): CodeIgniter\View\View->include('navadmin')
 4 SYSTEMPATH\View\View.php(234): include('C:\\laragon\\www\\coba_ci4\\app\\Views\\layout\\main.php')
 5 SYSTEMPATH\View\View.php(237): CodeIgniter\View\View->CodeIgniter\View\{closure}()
 6 SYSTEMPATH\View\View.php(250): CodeIgniter\View\View->render('layout/main', [], true)
 7 SYSTEMPATH\Common.php(1171): CodeIgniter\View\View->render('admin/dashboard_admin', [], true)
 8 APPPATH\Controllers\Home.php(9): view('admin/dashboard_admin')
 9 SYSTEMPATH\CodeIgniter.php(933): App\Controllers\Home->index()
10 SYSTEMPATH\CodeIgniter.php(509): CodeIgniter\CodeIgniter->runController(Object(App\Controllers\Home))
11 SYSTEMPATH\CodeIgniter.php(355): CodeIgniter\CodeIgniter->handleRequest(null, Object(Config\Cache), false)
12 SYSTEMPATH\Boot.php(325): CodeIgniter\CodeIgniter->run()
13 SYSTEMPATH\Boot.php(67): CodeIgniter\Boot::runCodeIgniter(Object(CodeIgniter\CodeIgniter))
14 FCPATH\index.php(56): CodeIgniter\Boot::bootWeb(Object(Config\Paths))
15 SYSTEMPATH\rewrite.php(44): require_once('C:\\laragon\\www\\coba_ci4\\public\\index.php')
CRITICAL - 2024-12-14 08:55:17 --> CodeIgniter\View\Exceptions\ViewException: Invalid file: "navadmin.php"
[Method: GET, Route: /]
in SYSTEMPATH\Exceptions\FrameworkException.php on line 41.
 1 SYSTEMPATH\View\View.php(222): CodeIgniter\Exceptions\FrameworkException::forInvalidFile('navadmin.php')
 2 SYSTEMPATH\View\View.php(487): CodeIgniter\View\View->render('navadmin', null, true)
 3 APPPATH\Views\layout\main.php(30): CodeIgniter\View\View->include('navadmin')
 4 SYSTEMPATH\View\View.php(234): include('C:\\laragon\\www\\coba_ci4\\app\\Views\\layout\\main.php')
 5 SYSTEMPATH\View\View.php(237): CodeIgniter\View\View->CodeIgniter\View\{closure}()
 6 SYSTEMPATH\View\View.php(250): CodeIgniter\View\View->render('layout/main', [], true)
 7 SYSTEMPATH\Common.php(1171): CodeIgniter\View\View->render('admin/dashboard_admin', [], true)
 8 APPPATH\Controllers\Home.php(9): view('admin/dashboard_admin')
 9 SYSTEMPATH\CodeIgniter.php(933): App\Controllers\Home->index()
10 SYSTEMPATH\CodeIgniter.php(509): CodeIgniter\CodeIgniter->runController(Object(App\Controllers\Home))
11 SYSTEMPATH\CodeIgniter.php(355): CodeIgniter\CodeIgniter->handleRequest(null, Object(Config\Cache), false)
12 SYSTEMPATH\Boot.php(325): CodeIgniter\CodeIgniter->run()
13 SYSTEMPATH\Boot.php(67): CodeIgniter\Boot::runCodeIgniter(Object(CodeIgniter\CodeIgniter))
14 FCPATH\index.php(56): CodeIgniter\Boot::bootWeb(Object(Config\Paths))
15 SYSTEMPATH\rewrite.php(44): require_once('C:\\laragon\\www\\coba_ci4\\public\\index.php')
CRITICAL - 2024-12-14 08:55:18 --> CodeIgniter\View\Exceptions\ViewException: Invalid file: "navadmin.php"
[Method: GET, Route: /]
in SYSTEMPATH\Exceptions\FrameworkException.php on line 41.
 1 SYSTEMPATH\View\View.php(222): CodeIgniter\Exceptions\FrameworkException::forInvalidFile('navadmin.php')
 2 SYSTEMPATH\View\View.php(487): CodeIgniter\View\View->render('navadmin', null, true)
 3 APPPATH\Views\layout\main.php(30): CodeIgniter\View\View->include('navadmin')
 4 SYSTEMPATH\View\View.php(234): include('C:\\laragon\\www\\coba_ci4\\app\\Views\\layout\\main.php')
 5 SYSTEMPATH\View\View.php(237): CodeIgniter\View\View->CodeIgniter\View\{closure}()
 6 SYSTEMPATH\View\View.php(250): CodeIgniter\View\View->render('layout/main', [], true)
 7 SYSTEMPATH\Common.php(1171): CodeIgniter\View\View->render('admin/dashboard_admin', [], true)
 8 APPPATH\Controllers\Home.php(9): view('admin/dashboard_admin')
 9 SYSTEMPATH\CodeIgniter.php(933): App\Controllers\Home->index()
10 SYSTEMPATH\CodeIgniter.php(509): CodeIgniter\CodeIgniter->runController(Object(App\Controllers\Home))
11 SYSTEMPATH\CodeIgniter.php(355): CodeIgniter\CodeIgniter->handleRequest(null, Object(Config\Cache), false)
12 SYSTEMPATH\Boot.php(325): CodeIgniter\CodeIgniter->run()
13 SYSTEMPATH\Boot.php(67): CodeIgniter\Boot::runCodeIgniter(Object(CodeIgniter\CodeIgniter))
14 FCPATH\index.php(56): CodeIgniter\Boot::bootWeb(Object(Config\Paths))
15 SYSTEMPATH\rewrite.php(44): require_once('C:\\laragon\\www\\coba_ci4\\public\\index.php')
CRITICAL - 2024-12-14 08:55:55 --> CodeIgniter\View\Exceptions\ViewException: Invalid file: "navadmin.php"
[Method: GET, Route: /]
in SYSTEMPATH\Exceptions\FrameworkException.php on line 41.
 1 SYSTEMPATH\View\View.php(222): CodeIgniter\Exceptions\FrameworkException::forInvalidFile('navadmin.php')
 2 SYSTEMPATH\View\View.php(487): CodeIgniter\View\View->render('navadmin', null, true)
 3 APPPATH\Views\layout\main.php(30): CodeIgniter\View\View->include('navadmin')
 4 SYSTEMPATH\View\View.php(234): include('C:\\laragon\\www\\coba_ci4\\app\\Views\\layout\\main.php')
 5 SYSTEMPATH\View\View.php(237): CodeIgniter\View\View->CodeIgniter\View\{closure}()
 6 SYSTEMPATH\View\View.php(250): CodeIgniter\View\View->render('layout/main', [], true)
 7 SYSTEMPATH\Common.php(1171): CodeIgniter\View\View->render('admin/dashboard_admin', [], true)
 8 APPPATH\Controllers\Home.php(9): view('admin/dashboard_admin')
 9 SYSTEMPATH\CodeIgniter.php(933): App\Controllers\Home->index()
10 SYSTEMPATH\CodeIgniter.php(509): CodeIgniter\CodeIgniter->runController(Object(App\Controllers\Home))
11 SYSTEMPATH\CodeIgniter.php(355): CodeIgniter\CodeIgniter->handleRequest(null, Object(Config\Cache), false)
12 SYSTEMPATH\Boot.php(325): CodeIgniter\CodeIgniter->run()
13 SYSTEMPATH\Boot.php(67): CodeIgniter\Boot::runCodeIgniter(Object(CodeIgniter\CodeIgniter))
14 FCPATH\index.php(56): CodeIgniter\Boot::bootWeb(Object(Config\Paths))
15 SYSTEMPATH\rewrite.php(44): require_once('C:\\laragon\\www\\coba_ci4\\public\\index.php')
CRITICAL - 2024-12-14 09:11:00 --> CodeIgniter\View\Exceptions\ViewException: Invalid file: "navadmin.php"
[Method: GET, Route: /]
in SYSTEMPATH\Exceptions\FrameworkException.php on line 41.
 1 SYSTEMPATH\View\View.php(222): CodeIgniter\Exceptions\FrameworkException::forInvalidFile('navadmin.php')
 2 SYSTEMPATH\View\View.php(487): CodeIgniter\View\View->render('navadmin', null, true)
 3 APPPATH\Views\layout\layoutadmin.php(30): CodeIgniter\View\View->include('navadmin')
 4 SYSTEMPATH\View\View.php(234): include('C:\\laragon\\www\\coba_ci4\\app\\Views\\layout\\layoutadmin.php')
 5 SYSTEMPATH\View\View.php(237): CodeIgniter\View\View->CodeIgniter\View\{closure}()
 6 SYSTEMPATH\View\View.php(250): CodeIgniter\View\View->render('layout/layoutadmin', [], true)
 7 SYSTEMPATH\Common.php(1171): CodeIgniter\View\View->render('admin/dashboard_admin', [], true)
 8 APPPATH\Controllers\Home.php(9): view('admin/dashboard_admin')
 9 SYSTEMPATH\CodeIgniter.php(933): App\Controllers\Home->index()
10 SYSTEMPATH\CodeIgniter.php(509): CodeIgniter\CodeIgniter->runController(Object(App\Controllers\Home))
11 SYSTEMPATH\CodeIgniter.php(355): CodeIgniter\CodeIgniter->handleRequest(null, Object(Config\Cache), false)
12 SYSTEMPATH\Boot.php(325): CodeIgniter\CodeIgniter->run()
13 SYSTEMPATH\Boot.php(67): CodeIgniter\Boot::runCodeIgniter(Object(CodeIgniter\CodeIgniter))
14 FCPATH\index.php(56): CodeIgniter\Boot::bootWeb(Object(Config\Paths))
15 SYSTEMPATH\rewrite.php(44): require_once('C:\\laragon\\www\\coba_ci4\\public\\index.php')
CRITICAL - 2024-12-14 09:11:01 --> CodeIgniter\View\Exceptions\ViewException: Invalid file: "navadmin.php"
[Method: GET, Route: /]
in SYSTEMPATH\Exceptions\FrameworkException.php on line 41.
 1 SYSTEMPATH\View\View.php(222): CodeIgniter\Exceptions\FrameworkException::forInvalidFile('navadmin.php')
 2 SYSTEMPATH\View\View.php(487): CodeIgniter\View\View->render('navadmin', null, true)
 3 APPPATH\Views\layout\layoutadmin.php(30): CodeIgniter\View\View->include('navadmin')
 4 SYSTEMPATH\View\View.php(234): include('C:\\laragon\\www\\coba_ci4\\app\\Views\\layout\\layoutadmin.php')
 5 SYSTEMPATH\View\View.php(237): CodeIgniter\View\View->CodeIgniter\View\{closure}()
 6 SYSTEMPATH\View\View.php(250): CodeIgniter\View\View->render('layout/layoutadmin', [], true)
 7 SYSTEMPATH\Common.php(1171): CodeIgniter\View\View->render('admin/dashboard_admin', [], true)
 8 APPPATH\Controllers\Home.php(9): view('admin/dashboard_admin')
 9 SYSTEMPATH\CodeIgniter.php(933): App\Controllers\Home->index()
10 SYSTEMPATH\CodeIgniter.php(509): CodeIgniter\CodeIgniter->runController(Object(App\Controllers\Home))
11 SYSTEMPATH\CodeIgniter.php(355): CodeIgniter\CodeIgniter->handleRequest(null, Object(Config\Cache), false)
12 SYSTEMPATH\Boot.php(325): CodeIgniter\CodeIgniter->run()
13 SYSTEMPATH\Boot.php(67): CodeIgniter\Boot::runCodeIgniter(Object(CodeIgniter\CodeIgniter))
14 FCPATH\index.php(56): CodeIgniter\Boot::bootWeb(Object(Config\Paths))
15 SYSTEMPATH\rewrite.php(44): require_once('C:\\laragon\\www\\coba_ci4\\public\\index.php')
CRITICAL - 2024-12-14 09:11:02 --> CodeIgniter\View\Exceptions\ViewException: Invalid file: "navadmin.php"
[Method: GET, Route: /]
in SYSTEMPATH\Exceptions\FrameworkException.php on line 41.
 1 SYSTEMPATH\View\View.php(222): CodeIgniter\Exceptions\FrameworkException::forInvalidFile('navadmin.php')
 2 SYSTEMPATH\View\View.php(487): CodeIgniter\View\View->render('navadmin', null, true)
 3 APPPATH\Views\layout\layoutadmin.php(30): CodeIgniter\View\View->include('navadmin')
 4 SYSTEMPATH\View\View.php(234): include('C:\\laragon\\www\\coba_ci4\\app\\Views\\layout\\layoutadmin.php')
 5 SYSTEMPATH\View\View.php(237): CodeIgniter\View\View->CodeIgniter\View\{closure}()
 6 SYSTEMPATH\View\View.php(250): CodeIgniter\View\View->render('layout/layoutadmin', [], true)
 7 SYSTEMPATH\Common.php(1171): CodeIgniter\View\View->render('admin/dashboard_admin', [], true)
 8 APPPATH\Controllers\Home.php(9): view('admin/dashboard_admin')
 9 SYSTEMPATH\CodeIgniter.php(933): App\Controllers\Home->index()
10 SYSTEMPATH\CodeIgniter.php(509): CodeIgniter\CodeIgniter->runController(Object(App\Controllers\Home))
11 SYSTEMPATH\CodeIgniter.php(355): CodeIgniter\CodeIgniter->handleRequest(null, Object(Config\Cache), false)
12 SYSTEMPATH\Boot.php(325): CodeIgniter\CodeIgniter->run()
13 SYSTEMPATH\Boot.php(67): CodeIgniter\Boot::runCodeIgniter(Object(CodeIgniter\CodeIgniter))
14 FCPATH\index.php(56): CodeIgniter\Boot::bootWeb(Object(Config\Paths))
15 SYSTEMPATH\rewrite.php(44): require_once('C:\\laragon\\www\\coba_ci4\\public\\index.php')
CRITICAL - 2024-12-14 09:11:02 --> CodeIgniter\View\Exceptions\ViewException: Invalid file: "navadmin.php"
[Method: GET, Route: /]
in SYSTEMPATH\Exceptions\FrameworkException.php on line 41.
 1 SYSTEMPATH\View\View.php(222): CodeIgniter\Exceptions\FrameworkException::forInvalidFile('navadmin.php')
 2 SYSTEMPATH\View\View.php(487): CodeIgniter\View\View->render('navadmin', null, true)
 3 APPPATH\Views\layout\layoutadmin.php(30): CodeIgniter\View\View->include('navadmin')
 4 SYSTEMPATH\View\View.php(234): include('C:\\laragon\\www\\coba_ci4\\app\\Views\\layout\\layoutadmin.php')
 5 SYSTEMPATH\View\View.php(237): CodeIgniter\View\View->CodeIgniter\View\{closure}()
 6 SYSTEMPATH\View\View.php(250): CodeIgniter\View\View->render('layout/layoutadmin', [], true)
 7 SYSTEMPATH\Common.php(1171): CodeIgniter\View\View->render('admin/dashboard_admin', [], true)
 8 APPPATH\Controllers\Home.php(9): view('admin/dashboard_admin')
 9 SYSTEMPATH\CodeIgniter.php(933): App\Controllers\Home->index()
10 SYSTEMPATH\CodeIgniter.php(509): CodeIgniter\CodeIgniter->runController(Object(App\Controllers\Home))
11 SYSTEMPATH\CodeIgniter.php(355): CodeIgniter\CodeIgniter->handleRequest(null, Object(Config\Cache), false)
12 SYSTEMPATH\Boot.php(325): CodeIgniter\CodeIgniter->run()
13 SYSTEMPATH\Boot.php(67): CodeIgniter\Boot::runCodeIgniter(Object(CodeIgniter\CodeIgniter))
14 FCPATH\index.php(56): CodeIgniter\Boot::bootWeb(Object(Config\Paths))
15 SYSTEMPATH\rewrite.php(44): require_once('C:\\laragon\\www\\coba_ci4\\public\\index.php')
CRITICAL - 2024-12-14 09:11:36 --> CodeIgniter\View\Exceptions\ViewException: Invalid file: "navadmin.php"
[Method: GET, Route: /]
in SYSTEMPATH\Exceptions\FrameworkException.php on line 41.
 1 SYSTEMPATH\View\View.php(222): CodeIgniter\Exceptions\FrameworkException::forInvalidFile('navadmin.php')
 2 SYSTEMPATH\View\View.php(487): CodeIgniter\View\View->render('navadmin', null, true)
 3 APPPATH\Views\layout\layoutadmin.php(30): CodeIgniter\View\View->include('navadmin')
 4 SYSTEMPATH\View\View.php(234): include('C:\\laragon\\www\\coba_ci4\\app\\Views\\layout\\layoutadmin.php')
 5 SYSTEMPATH\View\View.php(237): CodeIgniter\View\View->CodeIgniter\View\{closure}()
 6 SYSTEMPATH\View\View.php(250): CodeIgniter\View\View->render('layout/layoutadmin', [], true)
 7 SYSTEMPATH\Common.php(1171): CodeIgniter\View\View->render('admin/dashboard_admin', [], true)
 8 APPPATH\Controllers\Home.php(9): view('admin/dashboard_admin')
 9 SYSTEMPATH\CodeIgniter.php(933): App\Controllers\Home->index()
10 SYSTEMPATH\CodeIgniter.php(509): CodeIgniter\CodeIgniter->runController(Object(App\Controllers\Home))
11 SYSTEMPATH\CodeIgniter.php(355): CodeIgniter\CodeIgniter->handleRequest(null, Object(Config\Cache), false)
12 SYSTEMPATH\Boot.php(325): CodeIgniter\CodeIgniter->run()
13 SYSTEMPATH\Boot.php(67): CodeIgniter\Boot::runCodeIgniter(Object(CodeIgniter\CodeIgniter))
14 FCPATH\index.php(56): CodeIgniter\Boot::bootWeb(Object(Config\Paths))
15 SYSTEMPATH\rewrite.php(44): require_once('C:\\laragon\\www\\coba_ci4\\public\\index.php')
CRITICAL - 2024-12-14 09:11:37 --> CodeIgniter\View\Exceptions\ViewException: Invalid file: "navadmin.php"
[Method: GET, Route: /]
in SYSTEMPATH\Exceptions\FrameworkException.php on line 41.
 1 SYSTEMPATH\View\View.php(222): CodeIgniter\Exceptions\FrameworkException::forInvalidFile('navadmin.php')
 2 SYSTEMPATH\View\View.php(487): CodeIgniter\View\View->render('navadmin', null, true)
 3 APPPATH\Views\layout\layoutadmin.php(30): CodeIgniter\View\View->include('navadmin')
 4 SYSTEMPATH\View\View.php(234): include('C:\\laragon\\www\\coba_ci4\\app\\Views\\layout\\layoutadmin.php')
 5 SYSTEMPATH\View\View.php(237): CodeIgniter\View\View->CodeIgniter\View\{closure}()
 6 SYSTEMPATH\View\View.php(250): CodeIgniter\View\View->render('layout/layoutadmin', [], true)
 7 SYSTEMPATH\Common.php(1171): CodeIgniter\View\View->render('admin/dashboard_admin', [], true)
 8 APPPATH\Controllers\Home.php(9): view('admin/dashboard_admin')
 9 SYSTEMPATH\CodeIgniter.php(933): App\Controllers\Home->index()
10 SYSTEMPATH\CodeIgniter.php(509): CodeIgniter\CodeIgniter->runController(Object(App\Controllers\Home))
11 SYSTEMPATH\CodeIgniter.php(355): CodeIgniter\CodeIgniter->handleRequest(null, Object(Config\Cache), false)
12 SYSTEMPATH\Boot.php(325): CodeIgniter\CodeIgniter->run()
13 SYSTEMPATH\Boot.php(67): CodeIgniter\Boot::runCodeIgniter(Object(CodeIgniter\CodeIgniter))
14 FCPATH\index.php(56): CodeIgniter\Boot::bootWeb(Object(Config\Paths))
15 SYSTEMPATH\rewrite.php(44): require_once('C:\\laragon\\www\\coba_ci4\\public\\index.php')
CRITICAL - 2024-12-14 09:11:37 --> CodeIgniter\View\Exceptions\ViewException: Invalid file: "navadmin.php"
[Method: GET, Route: /]
in SYSTEMPATH\Exceptions\FrameworkException.php on line 41.
 1 SYSTEMPATH\View\View.php(222): CodeIgniter\Exceptions\FrameworkException::forInvalidFile('navadmin.php')
 2 SYSTEMPATH\View\View.php(487): CodeIgniter\View\View->render('navadmin', null, true)
 3 APPPATH\Views\layout\layoutadmin.php(30): CodeIgniter\View\View->include('navadmin')
 4 SYSTEMPATH\View\View.php(234): include('C:\\laragon\\www\\coba_ci4\\app\\Views\\layout\\layoutadmin.php')
 5 SYSTEMPATH\View\View.php(237): CodeIgniter\View\View->CodeIgniter\View\{closure}()
 6 SYSTEMPATH\View\View.php(250): CodeIgniter\View\View->render('layout/layoutadmin', [], true)
 7 SYSTEMPATH\Common.php(1171): CodeIgniter\View\View->render('admin/dashboard_admin', [], true)
 8 APPPATH\Controllers\Home.php(9): view('admin/dashboard_admin')
 9 SYSTEMPATH\CodeIgniter.php(933): App\Controllers\Home->index()
10 SYSTEMPATH\CodeIgniter.php(509): CodeIgniter\CodeIgniter->runController(Object(App\Controllers\Home))
11 SYSTEMPATH\CodeIgniter.php(355): CodeIgniter\CodeIgniter->handleRequest(null, Object(Config\Cache), false)
12 SYSTEMPATH\Boot.php(325): CodeIgniter\CodeIgniter->run()
13 SYSTEMPATH\Boot.php(67): CodeIgniter\Boot::runCodeIgniter(Object(CodeIgniter\CodeIgniter))
14 FCPATH\index.php(56): CodeIgniter\Boot::bootWeb(Object(Config\Paths))
15 SYSTEMPATH\rewrite.php(44): require_once('C:\\laragon\\www\\coba_ci4\\public\\index.php')
CRITICAL - 2024-12-14 09:12:07 --> CodeIgniter\View\Exceptions\ViewException: Invalid file: "navadmin.php"
[Method: GET, Route: /]
in SYSTEMPATH\Exceptions\FrameworkException.php on line 41.
 1 SYSTEMPATH\View\View.php(222): CodeIgniter\Exceptions\FrameworkException::forInvalidFile('navadmin.php')
 2 SYSTEMPATH\View\View.php(487): CodeIgniter\View\View->render('navadmin', null, true)
 3 APPPATH\Views\layout\layoutadmin.php(30): CodeIgniter\View\View->include('navadmin')
 4 SYSTEMPATH\View\View.php(234): include('C:\\laragon\\www\\coba_ci4\\app\\Views\\layout\\layoutadmin.php')
 5 SYSTEMPATH\View\View.php(237): CodeIgniter\View\View->CodeIgniter\View\{closure}()
 6 SYSTEMPATH\View\View.php(250): CodeIgniter\View\View->render('layout/layoutadmin', [], true)
 7 SYSTEMPATH\Common.php(1171): CodeIgniter\View\View->render('admin/dashboard_admin', [], true)
 8 APPPATH\Controllers\Home.php(9): view('admin/dashboard_admin')
 9 SYSTEMPATH\CodeIgniter.php(933): App\Controllers\Home->index()
10 SYSTEMPATH\CodeIgniter.php(509): CodeIgniter\CodeIgniter->runController(Object(App\Controllers\Home))
11 SYSTEMPATH\CodeIgniter.php(355): CodeIgniter\CodeIgniter->handleRequest(null, Object(Config\Cache), false)
12 SYSTEMPATH\Boot.php(325): CodeIgniter\CodeIgniter->run()
13 SYSTEMPATH\Boot.php(67): CodeIgniter\Boot::runCodeIgniter(Object(CodeIgniter\CodeIgniter))
14 FCPATH\index.php(56): CodeIgniter\Boot::bootWeb(Object(Config\Paths))
15 SYSTEMPATH\rewrite.php(44): require_once('C:\\laragon\\www\\coba_ci4\\public\\index.php')
CRITICAL - 2024-12-14 09:12:08 --> CodeIgniter\View\Exceptions\ViewException: Invalid file: "navadmin.php"
[Method: GET, Route: /]
in SYSTEMPATH\Exceptions\FrameworkException.php on line 41.
 1 SYSTEMPATH\View\View.php(222): CodeIgniter\Exceptions\FrameworkException::forInvalidFile('navadmin.php')
 2 SYSTEMPATH\View\View.php(487): CodeIgniter\View\View->render('navadmin', null, true)
 3 APPPATH\Views\layout\layoutadmin.php(30): CodeIgniter\View\View->include('navadmin')
 4 SYSTEMPATH\View\View.php(234): include('C:\\laragon\\www\\coba_ci4\\app\\Views\\layout\\layoutadmin.php')
 5 SYSTEMPATH\View\View.php(237): CodeIgniter\View\View->CodeIgniter\View\{closure}()
 6 SYSTEMPATH\View\View.php(250): CodeIgniter\View\View->render('layout/layoutadmin', [], true)
 7 SYSTEMPATH\Common.php(1171): CodeIgniter\View\View->render('admin/dashboard_admin', [], true)
 8 APPPATH\Controllers\Home.php(9): view('admin/dashboard_admin')
 9 SYSTEMPATH\CodeIgniter.php(933): App\Controllers\Home->index()
10 SYSTEMPATH\CodeIgniter.php(509): CodeIgniter\CodeIgniter->runController(Object(App\Controllers\Home))
11 SYSTEMPATH\CodeIgniter.php(355): CodeIgniter\CodeIgniter->handleRequest(null, Object(Config\Cache), false)
12 SYSTEMPATH\Boot.php(325): CodeIgniter\CodeIgniter->run()
13 SYSTEMPATH\Boot.php(67): CodeIgniter\Boot::runCodeIgniter(Object(CodeIgniter\CodeIgniter))
14 FCPATH\index.php(56): CodeIgniter\Boot::bootWeb(Object(Config\Paths))
15 SYSTEMPATH\rewrite.php(44): require_once('C:\\laragon\\www\\coba_ci4\\public\\index.php')
CRITICAL - 2024-12-14 09:12:08 --> CodeIgniter\View\Exceptions\ViewException: Invalid file: "navadmin.php"
[Method: GET, Route: /]
in SYSTEMPATH\Exceptions\FrameworkException.php on line 41.
 1 SYSTEMPATH\View\View.php(222): CodeIgniter\Exceptions\FrameworkException::forInvalidFile('navadmin.php')
 2 SYSTEMPATH\View\View.php(487): CodeIgniter\View\View->render('navadmin', null, true)
 3 APPPATH\Views\layout\layoutadmin.php(30): CodeIgniter\View\View->include('navadmin')
 4 SYSTEMPATH\View\View.php(234): include('C:\\laragon\\www\\coba_ci4\\app\\Views\\layout\\layoutadmin.php')
 5 SYSTEMPATH\View\View.php(237): CodeIgniter\View\View->CodeIgniter\View\{closure}()
 6 SYSTEMPATH\View\View.php(250): CodeIgniter\View\View->render('layout/layoutadmin', [], true)
 7 SYSTEMPATH\Common.php(1171): CodeIgniter\View\View->render('admin/dashboard_admin', [], true)
 8 APPPATH\Controllers\Home.php(9): view('admin/dashboard_admin')
 9 SYSTEMPATH\CodeIgniter.php(933): App\Controllers\Home->index()
10 SYSTEMPATH\CodeIgniter.php(509): CodeIgniter\CodeIgniter->runController(Object(App\Controllers\Home))
11 SYSTEMPATH\CodeIgniter.php(355): CodeIgniter\CodeIgniter->handleRequest(null, Object(Config\Cache), false)
12 SYSTEMPATH\Boot.php(325): CodeIgniter\CodeIgniter->run()
13 SYSTEMPATH\Boot.php(67): CodeIgniter\Boot::runCodeIgniter(Object(CodeIgniter\CodeIgniter))
14 FCPATH\index.php(56): CodeIgniter\Boot::bootWeb(Object(Config\Paths))
15 SYSTEMPATH\rewrite.php(44): require_once('C:\\laragon\\www\\coba_ci4\\public\\index.php')
CRITICAL - 2024-12-14 09:12:08 --> CodeIgniter\View\Exceptions\ViewException: Invalid file: "navadmin.php"
[Method: GET, Route: /]
in SYSTEMPATH\Exceptions\FrameworkException.php on line 41.
 1 SYSTEMPATH\View\View.php(222): CodeIgniter\Exceptions\FrameworkException::forInvalidFile('navadmin.php')
 2 SYSTEMPATH\View\View.php(487): CodeIgniter\View\View->render('navadmin', null, true)
 3 APPPATH\Views\layout\layoutadmin.php(30): CodeIgniter\View\View->include('navadmin')
 4 SYSTEMPATH\View\View.php(234): include('C:\\laragon\\www\\coba_ci4\\app\\Views\\layout\\layoutadmin.php')
 5 SYSTEMPATH\View\View.php(237): CodeIgniter\View\View->CodeIgniter\View\{closure}()
 6 SYSTEMPATH\View\View.php(250): CodeIgniter\View\View->render('layout/layoutadmin', [], true)
 7 SYSTEMPATH\Common.php(1171): CodeIgniter\View\View->render('admin/dashboard_admin', [], true)
 8 APPPATH\Controllers\Home.php(9): view('admin/dashboard_admin')
 9 SYSTEMPATH\CodeIgniter.php(933): App\Controllers\Home->index()
10 SYSTEMPATH\CodeIgniter.php(509): CodeIgniter\CodeIgniter->runController(Object(App\Controllers\Home))
11 SYSTEMPATH\CodeIgniter.php(355): CodeIgniter\CodeIgniter->handleRequest(null, Object(Config\Cache), false)
12 SYSTEMPATH\Boot.php(325): CodeIgniter\CodeIgniter->run()
13 SYSTEMPATH\Boot.php(67): CodeIgniter\Boot::runCodeIgniter(Object(CodeIgniter\CodeIgniter))
14 FCPATH\index.php(56): CodeIgniter\Boot::bootWeb(Object(Config\Paths))
15 SYSTEMPATH\rewrite.php(44): require_once('C:\\laragon\\www\\coba_ci4\\public\\index.php')
CRITICAL - 2024-12-14 09:14:38 --> CodeIgniter\View\Exceptions\ViewException: Invalid file: "navadmin.php"
[Method: GET, Route: /]
in SYSTEMPATH\Exceptions\FrameworkException.php on line 41.
 1 SYSTEMPATH\View\View.php(222): CodeIgniter\Exceptions\FrameworkException::forInvalidFile('navadmin.php')
 2 SYSTEMPATH\View\View.php(487): CodeIgniter\View\View->render('navadmin', null, true)
 3 APPPATH\Views\layout\layoutadmin.php(30): CodeIgniter\View\View->include('navadmin')
 4 SYSTEMPATH\View\View.php(234): include('C:\\laragon\\www\\coba_ci4\\app\\Views\\layout\\layoutadmin.php')
 5 SYSTEMPATH\View\View.php(237): CodeIgniter\View\View->CodeIgniter\View\{closure}()
 6 SYSTEMPATH\View\View.php(250): CodeIgniter\View\View->render('layout/layoutadmin', [], true)
 7 SYSTEMPATH\Common.php(1171): CodeIgniter\View\View->render('admin/dashboard_admin', [], true)
 8 APPPATH\Controllers\Home.php(9): view('admin/dashboard_admin')
 9 SYSTEMPATH\CodeIgniter.php(933): App\Controllers\Home->index()
10 SYSTEMPATH\CodeIgniter.php(509): CodeIgniter\CodeIgniter->runController(Object(App\Controllers\Home))
11 SYSTEMPATH\CodeIgniter.php(355): CodeIgniter\CodeIgniter->handleRequest(null, Object(Config\Cache), false)
12 SYSTEMPATH\Boot.php(325): CodeIgniter\CodeIgniter->run()
13 SYSTEMPATH\Boot.php(67): CodeIgniter\Boot::runCodeIgniter(Object(CodeIgniter\CodeIgniter))
14 FCPATH\index.php(56): CodeIgniter\Boot::bootWeb(Object(Config\Paths))
15 SYSTEMPATH\rewrite.php(44): require_once('C:\\laragon\\www\\coba_ci4\\public\\index.php')
CRITICAL - 2024-12-14 09:22:08 --> CodeIgniter\View\Exceptions\ViewException: Invalid file: "navadmin.php"
[Method: GET, Route: /]
in SYSTEMPATH\Exceptions\FrameworkException.php on line 41.
 1 SYSTEMPATH\View\View.php(222): CodeIgniter\Exceptions\FrameworkException::forInvalidFile('navadmin.php')
 2 SYSTEMPATH\View\View.php(487): CodeIgniter\View\View->render('navadmin', null, true)
 3 APPPATH\Views\layout\layoutadmin.php(30): CodeIgniter\View\View->include('navadmin')
 4 SYSTEMPATH\View\View.php(234): include('C:\\laragon\\www\\coba_ci4\\app\\Views\\layout\\layoutadmin.php')
 5 SYSTEMPATH\View\View.php(237): CodeIgniter\View\View->CodeIgniter\View\{closure}()
 6 SYSTEMPATH\View\View.php(250): CodeIgniter\View\View->render('layout/layoutadmin', [], true)
 7 SYSTEMPATH\Common.php(1171): CodeIgniter\View\View->render('admin/dashboard_admin', [], true)
 8 APPPATH\Controllers\Home.php(9): view('admin/dashboard_admin')
 9 SYSTEMPATH\CodeIgniter.php(933): App\Controllers\Home->index()
10 SYSTEMPATH\CodeIgniter.php(509): CodeIgniter\CodeIgniter->runController(Object(App\Controllers\Home))
11 SYSTEMPATH\CodeIgniter.php(355): CodeIgniter\CodeIgniter->handleRequest(null, Object(Config\Cache), false)
12 SYSTEMPATH\Boot.php(325): CodeIgniter\CodeIgniter->run()
13 SYSTEMPATH\Boot.php(67): CodeIgniter\Boot::runCodeIgniter(Object(CodeIgniter\CodeIgniter))
14 FCPATH\index.php(56): CodeIgniter\Boot::bootWeb(Object(Config\Paths))
15 SYSTEMPATH\rewrite.php(44): require_once('C:\\laragon\\www\\coba_ci4\\public\\index.php')
CRITICAL - 2024-12-14 09:22:08 --> CodeIgniter\View\Exceptions\ViewException: Invalid file: "navadmin.php"
[Method: GET, Route: /]
in SYSTEMPATH\Exceptions\FrameworkException.php on line 41.
 1 SYSTEMPATH\View\View.php(222): CodeIgniter\Exceptions\FrameworkException::forInvalidFile('navadmin.php')
 2 SYSTEMPATH\View\View.php(487): CodeIgniter\View\View->render('navadmin', null, true)
 3 APPPATH\Views\layout\layoutadmin.php(30): CodeIgniter\View\View->include('navadmin')
 4 SYSTEMPATH\View\View.php(234): include('C:\\laragon\\www\\coba_ci4\\app\\Views\\layout\\layoutadmin.php')
 5 SYSTEMPATH\View\View.php(237): CodeIgniter\View\View->CodeIgniter\View\{closure}()
 6 SYSTEMPATH\View\View.php(250): CodeIgniter\View\View->render('layout/layoutadmin', [], true)
 7 SYSTEMPATH\Common.php(1171): CodeIgniter\View\View->render('admin/dashboard_admin', [], true)
 8 APPPATH\Controllers\Home.php(9): view('admin/dashboard_admin')
 9 SYSTEMPATH\CodeIgniter.php(933): App\Controllers\Home->index()
10 SYSTEMPATH\CodeIgniter.php(509): CodeIgniter\CodeIgniter->runController(Object(App\Controllers\Home))
11 SYSTEMPATH\CodeIgniter.php(355): CodeIgniter\CodeIgniter->handleRequest(null, Object(Config\Cache), false)
12 SYSTEMPATH\Boot.php(325): CodeIgniter\CodeIgniter->run()
13 SYSTEMPATH\Boot.php(67): CodeIgniter\Boot::runCodeIgniter(Object(CodeIgniter\CodeIgniter))
14 FCPATH\index.php(56): CodeIgniter\Boot::bootWeb(Object(Config\Paths))
15 SYSTEMPATH\rewrite.php(44): require_once('C:\\laragon\\www\\coba_ci4\\public\\index.php')
CRITICAL - 2024-12-14 09:22:09 --> CodeIgniter\View\Exceptions\ViewException: Invalid file: "navadmin.php"
[Method: GET, Route: /]
in SYSTEMPATH\Exceptions\FrameworkException.php on line 41.
 1 SYSTEMPATH\View\View.php(222): CodeIgniter\Exceptions\FrameworkException::forInvalidFile('navadmin.php')
 2 SYSTEMPATH\View\View.php(487): CodeIgniter\View\View->render('navadmin', null, true)
 3 APPPATH\Views\layout\layoutadmin.php(30): CodeIgniter\View\View->include('navadmin')
 4 SYSTEMPATH\View\View.php(234): include('C:\\laragon\\www\\coba_ci4\\app\\Views\\layout\\layoutadmin.php')
 5 SYSTEMPATH\View\View.php(237): CodeIgniter\View\View->CodeIgniter\View\{closure}()
 6 SYSTEMPATH\View\View.php(250): CodeIgniter\View\View->render('layout/layoutadmin', [], true)
 7 SYSTEMPATH\Common.php(1171): CodeIgniter\View\View->render('admin/dashboard_admin', [], true)
 8 APPPATH\Controllers\Home.php(9): view('admin/dashboard_admin')
 9 SYSTEMPATH\CodeIgniter.php(933): App\Controllers\Home->index()
10 SYSTEMPATH\CodeIgniter.php(509): CodeIgniter\CodeIgniter->runController(Object(App\Controllers\Home))
11 SYSTEMPATH\CodeIgniter.php(355): CodeIgniter\CodeIgniter->handleRequest(null, Object(Config\Cache), false)
12 SYSTEMPATH\Boot.php(325): CodeIgniter\CodeIgniter->run()
13 SYSTEMPATH\Boot.php(67): CodeIgniter\Boot::runCodeIgniter(Object(CodeIgniter\CodeIgniter))
14 FCPATH\index.php(56): CodeIgniter\Boot::bootWeb(Object(Config\Paths))
15 SYSTEMPATH\rewrite.php(44): require_once('C:\\laragon\\www\\coba_ci4\\public\\index.php')
CRITICAL - 2024-12-14 09:22:09 --> CodeIgniter\View\Exceptions\ViewException: Invalid file: "navadmin.php"
[Method: GET, Route: /]
in SYSTEMPATH\Exceptions\FrameworkException.php on line 41.
 1 SYSTEMPATH\View\View.php(222): CodeIgniter\Exceptions\FrameworkException::forInvalidFile('navadmin.php')
 2 SYSTEMPATH\View\View.php(487): CodeIgniter\View\View->render('navadmin', null, true)
 3 APPPATH\Views\layout\layoutadmin.php(30): CodeIgniter\View\View->include('navadmin')
 4 SYSTEMPATH\View\View.php(234): include('C:\\laragon\\www\\coba_ci4\\app\\Views\\layout\\layoutadmin.php')
 5 SYSTEMPATH\View\View.php(237): CodeIgniter\View\View->CodeIgniter\View\{closure}()
 6 SYSTEMPATH\View\View.php(250): CodeIgniter\View\View->render('layout/layoutadmin', [], true)
 7 SYSTEMPATH\Common.php(1171): CodeIgniter\View\View->render('admin/dashboard_admin', [], true)
 8 APPPATH\Controllers\Home.php(9): view('admin/dashboard_admin')
 9 SYSTEMPATH\CodeIgniter.php(933): App\Controllers\Home->index()
10 SYSTEMPATH\CodeIgniter.php(509): CodeIgniter\CodeIgniter->runController(Object(App\Controllers\Home))
11 SYSTEMPATH\CodeIgniter.php(355): CodeIgniter\CodeIgniter->handleRequest(null, Object(Config\Cache), false)
12 SYSTEMPATH\Boot.php(325): CodeIgniter\CodeIgniter->run()
13 SYSTEMPATH\Boot.php(67): CodeIgniter\Boot::runCodeIgniter(Object(CodeIgniter\CodeIgniter))
14 FCPATH\index.php(56): CodeIgniter\Boot::bootWeb(Object(Config\Paths))
15 SYSTEMPATH\rewrite.php(44): require_once('C:\\laragon\\www\\coba_ci4\\public\\index.php')
CRITICAL - 2024-12-14 09:22:09 --> CodeIgniter\View\Exceptions\ViewException: Invalid file: "navadmin.php"
[Method: GET, Route: /]
in SYSTEMPATH\Exceptions\FrameworkException.php on line 41.
 1 SYSTEMPATH\View\View.php(222): CodeIgniter\Exceptions\FrameworkException::forInvalidFile('navadmin.php')
 2 SYSTEMPATH\View\View.php(487): CodeIgniter\View\View->render('navadmin', null, true)
 3 APPPATH\Views\layout\layoutadmin.php(30): CodeIgniter\View\View->include('navadmin')
 4 SYSTEMPATH\View\View.php(234): include('C:\\laragon\\www\\coba_ci4\\app\\Views\\layout\\layoutadmin.php')
 5 SYSTEMPATH\View\View.php(237): CodeIgniter\View\View->CodeIgniter\View\{closure}()
 6 SYSTEMPATH\View\View.php(250): CodeIgniter\View\View->render('layout/layoutadmin', [], true)
 7 SYSTEMPATH\Common.php(1171): CodeIgniter\View\View->render('admin/dashboard_admin', [], true)
 8 APPPATH\Controllers\Home.php(9): view('admin/dashboard_admin')
 9 SYSTEMPATH\CodeIgniter.php(933): App\Controllers\Home->index()
10 SYSTEMPATH\CodeIgniter.php(509): CodeIgniter\CodeIgniter->runController(Object(App\Controllers\Home))
11 SYSTEMPATH\CodeIgniter.php(355): CodeIgniter\CodeIgniter->handleRequest(null, Object(Config\Cache), false)
12 SYSTEMPATH\Boot.php(325): CodeIgniter\CodeIgniter->run()
13 SYSTEMPATH\Boot.php(67): CodeIgniter\Boot::runCodeIgniter(Object(CodeIgniter\CodeIgniter))
14 FCPATH\index.php(56): CodeIgniter\Boot::bootWeb(Object(Config\Paths))
15 SYSTEMPATH\rewrite.php(44): require_once('C:\\laragon\\www\\coba_ci4\\public\\index.php')
CRITICAL - 2024-12-14 09:22:09 --> CodeIgniter\View\Exceptions\ViewException: Invalid file: "navadmin.php"
[Method: GET, Route: /]
in SYSTEMPATH\Exceptions\FrameworkException.php on line 41.
 1 SYSTEMPATH\View\View.php(222): CodeIgniter\Exceptions\FrameworkException::forInvalidFile('navadmin.php')
 2 SYSTEMPATH\View\View.php(487): CodeIgniter\View\View->render('navadmin', null, true)
 3 APPPATH\Views\layout\layoutadmin.php(30): CodeIgniter\View\View->include('navadmin')
 4 SYSTEMPATH\View\View.php(234): include('C:\\laragon\\www\\coba_ci4\\app\\Views\\layout\\layoutadmin.php')
 5 SYSTEMPATH\View\View.php(237): CodeIgniter\View\View->CodeIgniter\View\{closure}()
 6 SYSTEMPATH\View\View.php(250): CodeIgniter\View\View->render('layout/layoutadmin', [], true)
 7 SYSTEMPATH\Common.php(1171): CodeIgniter\View\View->render('admin/dashboard_admin', [], true)
 8 APPPATH\Controllers\Home.php(9): view('admin/dashboard_admin')
 9 SYSTEMPATH\CodeIgniter.php(933): App\Controllers\Home->index()
10 SYSTEMPATH\CodeIgniter.php(509): CodeIgniter\CodeIgniter->runController(Object(App\Controllers\Home))
11 SYSTEMPATH\CodeIgniter.php(355): CodeIgniter\CodeIgniter->handleRequest(null, Object(Config\Cache), false)
12 SYSTEMPATH\Boot.php(325): CodeIgniter\CodeIgniter->run()
13 SYSTEMPATH\Boot.php(67): CodeIgniter\Boot::runCodeIgniter(Object(CodeIgniter\CodeIgniter))
14 FCPATH\index.php(56): CodeIgniter\Boot::bootWeb(Object(Config\Paths))
15 SYSTEMPATH\rewrite.php(44): require_once('C:\\laragon\\www\\coba_ci4\\public\\index.php')
CRITICAL - 2024-12-14 09:22:09 --> CodeIgniter\View\Exceptions\ViewException: Invalid file: "navadmin.php"
[Method: GET, Route: /]
in SYSTEMPATH\Exceptions\FrameworkException.php on line 41.
 1 SYSTEMPATH\View\View.php(222): CodeIgniter\Exceptions\FrameworkException::forInvalidFile('navadmin.php')
 2 SYSTEMPATH\View\View.php(487): CodeIgniter\View\View->render('navadmin', null, true)
 3 APPPATH\Views\layout\layoutadmin.php(30): CodeIgniter\View\View->include('navadmin')
 4 SYSTEMPATH\View\View.php(234): include('C:\\laragon\\www\\coba_ci4\\app\\Views\\layout\\layoutadmin.php')
 5 SYSTEMPATH\View\View.php(237): CodeIgniter\View\View->CodeIgniter\View\{closure}()
 6 SYSTEMPATH\View\View.php(250): CodeIgniter\View\View->render('layout/layoutadmin', [], true)
 7 SYSTEMPATH\Common.php(1171): CodeIgniter\View\View->render('admin/dashboard_admin', [], true)
 8 APPPATH\Controllers\Home.php(9): view('admin/dashboard_admin')
 9 SYSTEMPATH\CodeIgniter.php(933): App\Controllers\Home->index()
10 SYSTEMPATH\CodeIgniter.php(509): CodeIgniter\CodeIgniter->runController(Object(App\Controllers\Home))
11 SYSTEMPATH\CodeIgniter.php(355): CodeIgniter\CodeIgniter->handleRequest(null, Object(Config\Cache), false)
12 SYSTEMPATH\Boot.php(325): CodeIgniter\CodeIgniter->run()
13 SYSTEMPATH\Boot.php(67): CodeIgniter\Boot::runCodeIgniter(Object(CodeIgniter\CodeIgniter))
14 FCPATH\index.php(56): CodeIgniter\Boot::bootWeb(Object(Config\Paths))
15 SYSTEMPATH\rewrite.php(44): require_once('C:\\laragon\\www\\coba_ci4\\public\\index.php')
CRITICAL - 2024-12-14 09:22:10 --> CodeIgniter\View\Exceptions\ViewException: Invalid file: "navadmin.php"
[Method: GET, Route: /]
in SYSTEMPATH\Exceptions\FrameworkException.php on line 41.
 1 SYSTEMPATH\View\View.php(222): CodeIgniter\Exceptions\FrameworkException::forInvalidFile('navadmin.php')
 2 SYSTEMPATH\View\View.php(487): CodeIgniter\View\View->render('navadmin', null, true)
 3 APPPATH\Views\layout\layoutadmin.php(30): CodeIgniter\View\View->include('navadmin')
 4 SYSTEMPATH\View\View.php(234): include('C:\\laragon\\www\\coba_ci4\\app\\Views\\layout\\layoutadmin.php')
 5 SYSTEMPATH\View\View.php(237): CodeIgniter\View\View->CodeIgniter\View\{closure}()
 6 SYSTEMPATH\View\View.php(250): CodeIgniter\View\View->render('layout/layoutadmin', [], true)
 7 SYSTEMPATH\Common.php(1171): CodeIgniter\View\View->render('admin/dashboard_admin', [], true)
 8 APPPATH\Controllers\Home.php(9): view('admin/dashboard_admin')
 9 SYSTEMPATH\CodeIgniter.php(933): App\Controllers\Home->index()
10 SYSTEMPATH\CodeIgniter.php(509): CodeIgniter\CodeIgniter->runController(Object(App\Controllers\Home))
11 SYSTEMPATH\CodeIgniter.php(355): CodeIgniter\CodeIgniter->handleRequest(null, Object(Config\Cache), false)
12 SYSTEMPATH\Boot.php(325): CodeIgniter\CodeIgniter->run()
13 SYSTEMPATH\Boot.php(67): CodeIgniter\Boot::runCodeIgniter(Object(CodeIgniter\CodeIgniter))
14 FCPATH\index.php(56): CodeIgniter\Boot::bootWeb(Object(Config\Paths))
15 SYSTEMPATH\rewrite.php(44): require_once('C:\\laragon\\www\\coba_ci4\\public\\index.php')
CRITICAL - 2024-12-14 09:22:10 --> CodeIgniter\View\Exceptions\ViewException: Invalid file: "navadmin.php"
[Method: GET, Route: /]
in SYSTEMPATH\Exceptions\FrameworkException.php on line 41.
 1 SYSTEMPATH\View\View.php(222): CodeIgniter\Exceptions\FrameworkException::forInvalidFile('navadmin.php')
 2 SYSTEMPATH\View\View.php(487): CodeIgniter\View\View->render('navadmin', null, true)
 3 APPPATH\Views\layout\layoutadmin.php(30): CodeIgniter\View\View->include('navadmin')
 4 SYSTEMPATH\View\View.php(234): include('C:\\laragon\\www\\coba_ci4\\app\\Views\\layout\\layoutadmin.php')
 5 SYSTEMPATH\View\View.php(237): CodeIgniter\View\View->CodeIgniter\View\{closure}()
 6 SYSTEMPATH\View\View.php(250): CodeIgniter\View\View->render('layout/layoutadmin', [], true)
 7 SYSTEMPATH\Common.php(1171): CodeIgniter\View\View->render('admin/dashboard_admin', [], true)
 8 APPPATH\Controllers\Home.php(9): view('admin/dashboard_admin')
 9 SYSTEMPATH\CodeIgniter.php(933): App\Controllers\Home->index()
10 SYSTEMPATH\CodeIgniter.php(509): CodeIgniter\CodeIgniter->runController(Object(App\Controllers\Home))
11 SYSTEMPATH\CodeIgniter.php(355): CodeIgniter\CodeIgniter->handleRequest(null, Object(Config\Cache), false)
12 SYSTEMPATH\Boot.php(325): CodeIgniter\CodeIgniter->run()
13 SYSTEMPATH\Boot.php(67): CodeIgniter\Boot::runCodeIgniter(Object(CodeIgniter\CodeIgniter))
14 FCPATH\index.php(56): CodeIgniter\Boot::bootWeb(Object(Config\Paths))
15 SYSTEMPATH\rewrite.php(44): require_once('C:\\laragon\\www\\coba_ci4\\public\\index.php')
CRITICAL - 2024-12-14 09:22:10 --> CodeIgniter\View\Exceptions\ViewException: Invalid file: "navadmin.php"
[Method: GET, Route: /]
in SYSTEMPATH\Exceptions\FrameworkException.php on line 41.
 1 SYSTEMPATH\View\View.php(222): CodeIgniter\Exceptions\FrameworkException::forInvalidFile('navadmin.php')
 2 SYSTEMPATH\View\View.php(487): CodeIgniter\View\View->render('navadmin', null, true)
 3 APPPATH\Views\layout\layoutadmin.php(30): CodeIgniter\View\View->include('navadmin')
 4 SYSTEMPATH\View\View.php(234): include('C:\\laragon\\www\\coba_ci4\\app\\Views\\layout\\layoutadmin.php')
 5 SYSTEMPATH\View\View.php(237): CodeIgniter\View\View->CodeIgniter\View\{closure}()
 6 SYSTEMPATH\View\View.php(250): CodeIgniter\View\View->render('layout/layoutadmin', [], true)
 7 SYSTEMPATH\Common.php(1171): CodeIgniter\View\View->render('admin/dashboard_admin', [], true)
 8 APPPATH\Controllers\Home.php(9): view('admin/dashboard_admin')
 9 SYSTEMPATH\CodeIgniter.php(933): App\Controllers\Home->index()
10 SYSTEMPATH\CodeIgniter.php(509): CodeIgniter\CodeIgniter->runController(Object(App\Controllers\Home))
11 SYSTEMPATH\CodeIgniter.php(355): CodeIgniter\CodeIgniter->handleRequest(null, Object(Config\Cache), false)
12 SYSTEMPATH\Boot.php(325): CodeIgniter\CodeIgniter->run()
13 SYSTEMPATH\Boot.php(67): CodeIgniter\Boot::runCodeIgniter(Object(CodeIgniter\CodeIgniter))
14 FCPATH\index.php(56): CodeIgniter\Boot::bootWeb(Object(Config\Paths))
15 SYSTEMPATH\rewrite.php(44): require_once('C:\\laragon\\www\\coba_ci4\\public\\index.php')
CRITICAL - 2024-12-14 09:22:10 --> CodeIgniter\View\Exceptions\ViewException: Invalid file: "navadmin.php"
[Method: GET, Route: /]
in SYSTEMPATH\Exceptions\FrameworkException.php on line 41.
 1 SYSTEMPATH\View\View.php(222): CodeIgniter\Exceptions\FrameworkException::forInvalidFile('navadmin.php')
 2 SYSTEMPATH\View\View.php(487): CodeIgniter\View\View->render('navadmin', null, true)
 3 APPPATH\Views\layout\layoutadmin.php(30): CodeIgniter\View\View->include('navadmin')
 4 SYSTEMPATH\View\View.php(234): include('C:\\laragon\\www\\coba_ci4\\app\\Views\\layout\\layoutadmin.php')
 5 SYSTEMPATH\View\View.php(237): CodeIgniter\View\View->CodeIgniter\View\{closure}()
 6 SYSTEMPATH\View\View.php(250): CodeIgniter\View\View->render('layout/layoutadmin', [], true)
 7 SYSTEMPATH\Common.php(1171): CodeIgniter\View\View->render('admin/dashboard_admin', [], true)
 8 APPPATH\Controllers\Home.php(9): view('admin/dashboard_admin')
 9 SYSTEMPATH\CodeIgniter.php(933): App\Controllers\Home->index()
10 SYSTEMPATH\CodeIgniter.php(509): CodeIgniter\CodeIgniter->runController(Object(App\Controllers\Home))
11 SYSTEMPATH\CodeIgniter.php(355): CodeIgniter\CodeIgniter->handleRequest(null, Object(Config\Cache), false)
12 SYSTEMPATH\Boot.php(325): CodeIgniter\CodeIgniter->run()
13 SYSTEMPATH\Boot.php(67): CodeIgniter\Boot::runCodeIgniter(Object(CodeIgniter\CodeIgniter))
14 FCPATH\index.php(56): CodeIgniter\Boot::bootWeb(Object(Config\Paths))
15 SYSTEMPATH\rewrite.php(44): require_once('C:\\laragon\\www\\coba_ci4\\public\\index.php')
CRITICAL - 2024-12-14 09:27:27 --> CodeIgniter\View\Exceptions\ViewException: Invalid file: "navadmin.php"
[Method: GET, Route: /]
in SYSTEMPATH\Exceptions\FrameworkException.php on line 41.
 1 SYSTEMPATH\View\View.php(222): CodeIgniter\Exceptions\FrameworkException::forInvalidFile('navadmin.php')
 2 SYSTEMPATH\View\View.php(487): CodeIgniter\View\View->render('navadmin', null, true)
 3 APPPATH\Views\layout\layoutadmin.php(30): CodeIgniter\View\View->include('navadmin')
 4 SYSTEMPATH\View\View.php(234): include('C:\\laragon\\www\\coba_ci4\\app\\Views\\layout\\layoutadmin.php')
 5 SYSTEMPATH\View\View.php(237): CodeIgniter\View\View->CodeIgniter\View\{closure}()
 6 SYSTEMPATH\View\View.php(250): CodeIgniter\View\View->render('layout\\layoutadmin', [], true)
 7 SYSTEMPATH\Common.php(1171): CodeIgniter\View\View->render('admin/dashboard_admin', [], true)
 8 APPPATH\Controllers\Home.php(9): view('admin/dashboard_admin')
 9 SYSTEMPATH\CodeIgniter.php(933): App\Controllers\Home->index()
10 SYSTEMPATH\CodeIgniter.php(509): CodeIgniter\CodeIgniter->runController(Object(App\Controllers\Home))
11 SYSTEMPATH\CodeIgniter.php(355): CodeIgniter\CodeIgniter->handleRequest(null, Object(Config\Cache), false)
12 SYSTEMPATH\Boot.php(325): CodeIgniter\CodeIgniter->run()
13 SYSTEMPATH\Boot.php(67): CodeIgniter\Boot::runCodeIgniter(Object(CodeIgniter\CodeIgniter))
14 FCPATH\index.php(56): CodeIgniter\Boot::bootWeb(Object(Config\Paths))
15 SYSTEMPATH\rewrite.php(44): require_once('C:\\laragon\\www\\coba_ci4\\public\\index.php')
CRITICAL - 2024-12-14 09:27:27 --> CodeIgniter\View\Exceptions\ViewException: Invalid file: "navadmin.php"
[Method: GET, Route: /]
in SYSTEMPATH\Exceptions\FrameworkException.php on line 41.
 1 SYSTEMPATH\View\View.php(222): CodeIgniter\Exceptions\FrameworkException::forInvalidFile('navadmin.php')
 2 SYSTEMPATH\View\View.php(487): CodeIgniter\View\View->render('navadmin', null, true)
 3 APPPATH\Views\layout\layoutadmin.php(30): CodeIgniter\View\View->include('navadmin')
 4 SYSTEMPATH\View\View.php(234): include('C:\\laragon\\www\\coba_ci4\\app\\Views\\layout\\layoutadmin.php')
 5 SYSTEMPATH\View\View.php(237): CodeIgniter\View\View->CodeIgniter\View\{closure}()
 6 SYSTEMPATH\View\View.php(250): CodeIgniter\View\View->render('layout\\layoutadmin', [], true)
 7 SYSTEMPATH\Common.php(1171): CodeIgniter\View\View->render('admin/dashboard_admin', [], true)
 8 APPPATH\Controllers\Home.php(9): view('admin/dashboard_admin')
 9 SYSTEMPATH\CodeIgniter.php(933): App\Controllers\Home->index()
10 SYSTEMPATH\CodeIgniter.php(509): CodeIgniter\CodeIgniter->runController(Object(App\Controllers\Home))
11 SYSTEMPATH\CodeIgniter.php(355): CodeIgniter\CodeIgniter->handleRequest(null, Object(Config\Cache), false)
12 SYSTEMPATH\Boot.php(325): CodeIgniter\CodeIgniter->run()
13 SYSTEMPATH\Boot.php(67): CodeIgniter\Boot::runCodeIgniter(Object(CodeIgniter\CodeIgniter))
14 FCPATH\index.php(56): CodeIgniter\Boot::bootWeb(Object(Config\Paths))
15 SYSTEMPATH\rewrite.php(44): require_once('C:\\laragon\\www\\coba_ci4\\public\\index.php')
CRITICAL - 2024-12-14 09:27:27 --> CodeIgniter\View\Exceptions\ViewException: Invalid file: "navadmin.php"
[Method: GET, Route: /]
in SYSTEMPATH\Exceptions\FrameworkException.php on line 41.
 1 SYSTEMPATH\View\View.php(222): CodeIgniter\Exceptions\FrameworkException::forInvalidFile('navadmin.php')
 2 SYSTEMPATH\View\View.php(487): CodeIgniter\View\View->render('navadmin', null, true)
 3 APPPATH\Views\layout\layoutadmin.php(30): CodeIgniter\View\View->include('navadmin')
 4 SYSTEMPATH\View\View.php(234): include('C:\\laragon\\www\\coba_ci4\\app\\Views\\layout\\layoutadmin.php')
 5 SYSTEMPATH\View\View.php(237): CodeIgniter\View\View->CodeIgniter\View\{closure}()
 6 SYSTEMPATH\View\View.php(250): CodeIgniter\View\View->render('layout\\layoutadmin', [], true)
 7 SYSTEMPATH\Common.php(1171): CodeIgniter\View\View->render('admin/dashboard_admin', [], true)
 8 APPPATH\Controllers\Home.php(9): view('admin/dashboard_admin')
 9 SYSTEMPATH\CodeIgniter.php(933): App\Controllers\Home->index()
10 SYSTEMPATH\CodeIgniter.php(509): CodeIgniter\CodeIgniter->runController(Object(App\Controllers\Home))
11 SYSTEMPATH\CodeIgniter.php(355): CodeIgniter\CodeIgniter->handleRequest(null, Object(Config\Cache), false)
12 SYSTEMPATH\Boot.php(325): CodeIgniter\CodeIgniter->run()
13 SYSTEMPATH\Boot.php(67): CodeIgniter\Boot::runCodeIgniter(Object(CodeIgniter\CodeIgniter))
14 FCPATH\index.php(56): CodeIgniter\Boot::bootWeb(Object(Config\Paths))
15 SYSTEMPATH\rewrite.php(44): require_once('C:\\laragon\\www\\coba_ci4\\public\\index.php')
CRITICAL - 2024-12-14 12:01:09 --> CodeIgniter\Router\Exceptions\RouterException: The namespace delimiter is a backslash (\), not a slash (/). Route handler: "\App\Controllers\Admin/DashboardAdmin::index"
[Method: GET, Route: /]
in SYSTEMPATH\Router\Router.php on line 492.
 1 SYSTEMPATH\Router\Router.php(492): CodeIgniter\Router\Exceptions\RouterException::forInvalidControllerName('\\App\\Controllers\\Admin/DashboardAdmin::index')
 2 SYSTEMPATH\Router\Router.php(210): CodeIgniter\Router\Router->checkRoutes('/')
 3 SYSTEMPATH\CodeIgniter.php(834): CodeIgniter\Router\Router->handle('/')
 4 SYSTEMPATH\CodeIgniter.php(457): CodeIgniter\CodeIgniter->tryToRouteIt(Object(CodeIgniter\Router\RouteCollection))
 5 SYSTEMPATH\CodeIgniter.php(355): CodeIgniter\CodeIgniter->handleRequest(null, Object(Config\Cache), false)
 6 SYSTEMPATH\Boot.php(325): CodeIgniter\CodeIgniter->run()
 7 SYSTEMPATH\Boot.php(67): CodeIgniter\Boot::runCodeIgniter(Object(CodeIgniter\CodeIgniter))
 8 FCPATH\index.php(56): CodeIgniter\Boot::bootWeb(Object(Config\Paths))
 9 SYSTEMPATH\rewrite.php(44): require_once('C:\\laragon\\www\\coba_ci4\\public\\index.php')
CRITICAL - 2024-12-14 12:01:10 --> CodeIgniter\Router\Exceptions\RouterException: The namespace delimiter is a backslash (\), not a slash (/). Route handler: "\App\Controllers\Admin/DashboardAdmin::index"
[Method: GET, Route: /]
in SYSTEMPATH\Router\Router.php on line 492.
 1 SYSTEMPATH\Router\Router.php(492): CodeIgniter\Router\Exceptions\RouterException::forInvalidControllerName('\\App\\Controllers\\Admin/DashboardAdmin::index')
 2 SYSTEMPATH\Router\Router.php(210): CodeIgniter\Router\Router->checkRoutes('/')
 3 SYSTEMPATH\CodeIgniter.php(834): CodeIgniter\Router\Router->handle('/')
 4 SYSTEMPATH\CodeIgniter.php(457): CodeIgniter\CodeIgniter->tryToRouteIt(Object(CodeIgniter\Router\RouteCollection))
 5 SYSTEMPATH\CodeIgniter.php(355): CodeIgniter\CodeIgniter->handleRequest(null, Object(Config\Cache), false)
 6 SYSTEMPATH\Boot.php(325): CodeIgniter\CodeIgniter->run()
 7 SYSTEMPATH\Boot.php(67): CodeIgniter\Boot::runCodeIgniter(Object(CodeIgniter\CodeIgniter))
 8 FCPATH\index.php(56): CodeIgniter\Boot::bootWeb(Object(Config\Paths))
 9 SYSTEMPATH\rewrite.php(44): require_once('C:\\laragon\\www\\coba_ci4\\public\\index.php')
CRITICAL - 2024-12-14 12:01:19 --> CodeIgniter\View\Exceptions\ViewException: Invalid file: "admin/dashboard.php"
[Method: GET, Route: /]
in SYSTEMPATH\Exceptions\FrameworkException.php on line 41.
 1 SYSTEMPATH\View\View.php(222): CodeIgniter\Exceptions\FrameworkException::forInvalidFile('admin/dashboard.php')
 2 SYSTEMPATH\Common.php(1171): CodeIgniter\View\View->render('admin/dashboard', [], true)
 3 APPPATH\Controllers\Admin\DashboardAdmin.php(12): view('admin/dashboard')
 4 SYSTEMPATH\CodeIgniter.php(933): App\Controllers\Admin\DashboardAdmin->index()
 5 SYSTEMPATH\CodeIgniter.php(509): CodeIgniter\CodeIgniter->runController(Object(App\Controllers\Admin\DashboardAdmin))
 6 SYSTEMPATH\CodeIgniter.php(355): CodeIgniter\CodeIgniter->handleRequest(null, Object(Config\Cache), false)
 7 SYSTEMPATH\Boot.php(325): CodeIgniter\CodeIgniter->run()
 8 SYSTEMPATH\Boot.php(67): CodeIgniter\Boot::runCodeIgniter(Object(CodeIgniter\CodeIgniter))
 9 FCPATH\index.php(56): CodeIgniter\Boot::bootWeb(Object(Config\Paths))
10 SYSTEMPATH\rewrite.php(44): require_once('C:\\laragon\\www\\coba_ci4\\public\\index.php')
CRITICAL - 2024-12-14 12:02:22 --> CodeIgniter\Router\Exceptions\RouterException: The namespace delimiter is a backslash (\), not a slash (/). Route handler: "\App\Controllers\Admin/DashboardAdmin::index"
[Method: GET, Route: /]
in SYSTEMPATH\Router\Router.php on line 492.
 1 SYSTEMPATH\Router\Router.php(492): CodeIgniter\Router\Exceptions\RouterException::forInvalidControllerName('\\App\\Controllers\\Admin/DashboardAdmin::index')
 2 SYSTEMPATH\Router\Router.php(210): CodeIgniter\Router\Router->checkRoutes('/')
 3 SYSTEMPATH\CodeIgniter.php(834): CodeIgniter\Router\Router->handle('/')
 4 SYSTEMPATH\CodeIgniter.php(457): CodeIgniter\CodeIgniter->tryToRouteIt(Object(CodeIgniter\Router\RouteCollection))
 5 SYSTEMPATH\CodeIgniter.php(355): CodeIgniter\CodeIgniter->handleRequest(null, Object(Config\Cache), false)
 6 SYSTEMPATH\Boot.php(325): CodeIgniter\CodeIgniter->run()
 7 SYSTEMPATH\Boot.php(67): CodeIgniter\Boot::runCodeIgniter(Object(CodeIgniter\CodeIgniter))
 8 FCPATH\index.php(56): CodeIgniter\Boot::bootWeb(Object(Config\Paths))
 9 SYSTEMPATH\rewrite.php(44): require_once('C:\\laragon\\www\\coba_ci4\\public\\index.php')
CRITICAL - 2024-12-14 12:02:23 --> CodeIgniter\Router\Exceptions\RouterException: The namespace delimiter is a backslash (\), not a slash (/). Route handler: "\App\Controllers\Admin/DashboardAdmin::index"
[Method: GET, Route: /]
in SYSTEMPATH\Router\Router.php on line 492.
 1 SYSTEMPATH\Router\Router.php(492): CodeIgniter\Router\Exceptions\RouterException::forInvalidControllerName('\\App\\Controllers\\Admin/DashboardAdmin::index')
 2 SYSTEMPATH\Router\Router.php(210): CodeIgniter\Router\Router->checkRoutes('/')
 3 SYSTEMPATH\CodeIgniter.php(834): CodeIgniter\Router\Router->handle('/')
 4 SYSTEMPATH\CodeIgniter.php(457): CodeIgniter\CodeIgniter->tryToRouteIt(Object(CodeIgniter\Router\RouteCollection))
 5 SYSTEMPATH\CodeIgniter.php(355): CodeIgniter\CodeIgniter->handleRequest(null, Object(Config\Cache), false)
 6 SYSTEMPATH\Boot.php(325): CodeIgniter\CodeIgniter->run()
 7 SYSTEMPATH\Boot.php(67): CodeIgniter\Boot::runCodeIgniter(Object(CodeIgniter\CodeIgniter))
 8 FCPATH\index.php(56): CodeIgniter\Boot::bootWeb(Object(Config\Paths))
 9 SYSTEMPATH\rewrite.php(44): require_once('C:\\laragon\\www\\coba_ci4\\public\\index.php')
CRITICAL - 2024-12-14 12:02:23 --> CodeIgniter\Router\Exceptions\RouterException: The namespace delimiter is a backslash (\), not a slash (/). Route handler: "\App\Controllers\Admin/DashboardAdmin::index"
[Method: GET, Route: /]
in SYSTEMPATH\Router\Router.php on line 492.
 1 SYSTEMPATH\Router\Router.php(492): CodeIgniter\Router\Exceptions\RouterException::forInvalidControllerName('\\App\\Controllers\\Admin/DashboardAdmin::index')
 2 SYSTEMPATH\Router\Router.php(210): CodeIgniter\Router\Router->checkRoutes('/')
 3 SYSTEMPATH\CodeIgniter.php(834): CodeIgniter\Router\Router->handle('/')
 4 SYSTEMPATH\CodeIgniter.php(457): CodeIgniter\CodeIgniter->tryToRouteIt(Object(CodeIgniter\Router\RouteCollection))
 5 SYSTEMPATH\CodeIgniter.php(355): CodeIgniter\CodeIgniter->handleRequest(null, Object(Config\Cache), false)
 6 SYSTEMPATH\Boot.php(325): CodeIgniter\CodeIgniter->run()
 7 SYSTEMPATH\Boot.php(67): CodeIgniter\Boot::runCodeIgniter(Object(CodeIgniter\CodeIgniter))
 8 FCPATH\index.php(56): CodeIgniter\Boot::bootWeb(Object(Config\Paths))
 9 SYSTEMPATH\rewrite.php(44): require_once('C:\\laragon\\www\\coba_ci4\\public\\index.php')
